{"E:\\learning\\react\\rs_school\\React project setup\\src\\api\\startrek.ts": {"path":"E:\\learning\\react\\rs_school\\React project setup\\src\\api\\startrek.ts","all":false,"statementMap":{"0":{"start":{"line":1,"column":0},"end":{"line":1,"column":44}},"3":{"start":{"line":4,"column":0},"end":{"line":4,"column":58}},"11":{"start":{"line":12,"column":0},"end":{"line":12,"column":37}},"12":{"start":{"line":13,"column":0},"end":{"line":13,"column":18}},"13":{"start":{"line":14,"column":0},"end":{"line":14,"column":11}},"14":{"start":{"line":15,"column":0},"end":{"line":15,"column":9}},"15":{"start":{"line":16,"column":0},"end":{"line":16,"column":49}},"16":{"start":{"line":17,"column":0},"end":{"line":17,"column":68}},"18":{"start":{"line":19,"column":0},"end":{"line":19,"column":31}},"19":{"start":{"line":20,"column":0},"end":{"line":20,"column":67}},"20":{"start":{"line":21,"column":0},"end":{"line":21,"column":5}},"21":{"start":{"line":22,"column":0},"end":{"line":22,"column":21}},"22":{"start":{"line":23,"column":0},"end":{"line":23,"column":17}},"23":{"start":{"line":24,"column":0},"end":{"line":24,"column":16}},"24":{"start":{"line":25,"column":0},"end":{"line":25,"column":60}},"25":{"start":{"line":26,"column":0},"end":{"line":26,"column":8}},"26":{"start":{"line":27,"column":0},"end":{"line":27,"column":13}},"27":{"start":{"line":28,"column":0},"end":{"line":28,"column":5}},"28":{"start":{"line":29,"column":0},"end":{"line":29,"column":4}},"30":{"start":{"line":31,"column":0},"end":{"line":31,"column":21}},"31":{"start":{"line":32,"column":0},"end":{"line":32,"column":62}},"32":{"start":{"line":33,"column":0},"end":{"line":33,"column":3}},"34":{"start":{"line":35,"column":0},"end":{"line":35,"column":25}},"35":{"start":{"line":36,"column":0},"end":{"line":36,"column":1}},"37":{"start":{"line":38,"column":0},"end":{"line":38,"column":39}},"38":{"start":{"line":39,"column":0},"end":{"line":39,"column":13}},"39":{"start":{"line":40,"column":0},"end":{"line":40,"column":22}},"40":{"start":{"line":41,"column":0},"end":{"line":41,"column":32}},"41":{"start":{"line":42,"column":0},"end":{"line":42,"column":68}},"43":{"start":{"line":44,"column":0},"end":{"line":44,"column":21}},"44":{"start":{"line":45,"column":0},"end":{"line":45,"column":62}},"45":{"start":{"line":46,"column":0},"end":{"line":46,"column":3}},"47":{"start":{"line":48,"column":0},"end":{"line":48,"column":25}},"48":{"start":{"line":49,"column":0},"end":{"line":49,"column":1}}},"s":{"0":1,"3":1,"11":2,"12":2,"13":2,"14":2,"15":2,"16":2,"18":2,"19":2,"20":2,"21":2,"22":2,"23":2,"24":2,"25":2,"26":2,"27":2,"28":2,"30":2,"31":1,"32":1,"34":1,"35":1,"37":2,"38":2,"39":2,"40":2,"41":2,"43":2,"44":1,"45":1,"47":1,"48":1},"branchMap":{"0":{"type":"branch","line":12,"loc":{"start":{"line":12,"column":0},"end":{"line":36,"column":1}},"locations":[{"start":{"line":12,"column":0},"end":{"line":36,"column":1}}]},"1":{"type":"branch","line":31,"loc":{"start":{"line":31,"column":20},"end":{"line":36,"column":1}},"locations":[{"start":{"line":31,"column":20},"end":{"line":36,"column":1}}]},"2":{"type":"branch","line":38,"loc":{"start":{"line":38,"column":0},"end":{"line":49,"column":1}},"locations":[{"start":{"line":38,"column":0},"end":{"line":49,"column":1}}]},"3":{"type":"branch","line":44,"loc":{"start":{"line":44,"column":20},"end":{"line":49,"column":1}},"locations":[{"start":{"line":44,"column":20},"end":{"line":49,"column":1}}]}},"b":{"0":[2],"1":[1],"2":[2],"3":[1]},"fnMap":{"0":{"name":"getCharacters","decl":{"start":{"line":12,"column":0},"end":{"line":36,"column":1}},"loc":{"start":{"line":12,"column":0},"end":{"line":36,"column":1}},"line":12},"1":{"name":"getCharacterById","decl":{"start":{"line":38,"column":0},"end":{"line":49,"column":1}},"loc":{"start":{"line":38,"column":0},"end":{"line":49,"column":1}},"line":38}},"f":{"0":2,"1":2}}
,"E:\\learning\\react\\rs_school\\React project setup\\src\\components\\ErrorResult\\ErrorResult.tsx": {"path":"E:\\learning\\react\\rs_school\\React project setup\\src\\components\\ErrorResult\\ErrorResult.tsx","all":false,"statementMap":{"0":{"start":{"line":1,"column":0},"end":{"line":1,"column":46}},"6":{"start":{"line":7,"column":0},"end":{"line":7,"column":66}},"7":{"start":{"line":8,"column":0},"end":{"line":8,"column":61}},"8":{"start":{"line":9,"column":0},"end":{"line":9,"column":1}}},"s":{"0":1,"6":3,"7":3,"8":3},"branchMap":{"0":{"type":"branch","line":7,"loc":{"start":{"line":7,"column":0},"end":{"line":9,"column":1}},"locations":[{"start":{"line":7,"column":0},"end":{"line":9,"column":1}}]}},"b":{"0":[3]},"fnMap":{"0":{"name":"ErrorResult","decl":{"start":{"line":7,"column":0},"end":{"line":9,"column":1}},"loc":{"start":{"line":7,"column":0},"end":{"line":9,"column":1}},"line":7}},"f":{"0":3}}
,"E:\\learning\\react\\rs_school\\React project setup\\src\\components\\Loading\\Loading.tsx": {"path":"E:\\learning\\react\\rs_school\\React project setup\\src\\components\\Loading\\Loading.tsx","all":false,"statementMap":{"0":{"start":{"line":1,"column":0},"end":{"line":1,"column":42}},"2":{"start":{"line":3,"column":0},"end":{"line":3,"column":35}},"3":{"start":{"line":4,"column":0},"end":{"line":4,"column":58}},"4":{"start":{"line":5,"column":0},"end":{"line":5,"column":1}}},"s":{"0":1,"2":4,"3":4,"4":4},"branchMap":{"0":{"type":"branch","line":3,"loc":{"start":{"line":3,"column":0},"end":{"line":5,"column":1}},"locations":[{"start":{"line":3,"column":0},"end":{"line":5,"column":1}}]}},"b":{"0":[4]},"fnMap":{"0":{"name":"Loading","decl":{"start":{"line":3,"column":0},"end":{"line":5,"column":1}},"loc":{"start":{"line":3,"column":0},"end":{"line":5,"column":1}},"line":3}},"f":{"0":4}}
,"E:\\learning\\react\\rs_school\\React project setup\\src\\components\\Pagination\\Pagination.tsx": {"path":"E:\\learning\\react\\rs_school\\React project setup\\src\\components\\Pagination\\Pagination.tsx","all":false,"statementMap":{"0":{"start":{"line":1,"column":0},"end":{"line":1,"column":45}},"8":{"start":{"line":9,"column":0},"end":{"line":9,"column":27}},"10":{"start":{"line":11,"column":0},"end":{"line":11,"column":36}},"11":{"start":{"line":12,"column":0},"end":{"line":12,"column":7}},"12":{"start":{"line":13,"column":0},"end":{"line":13,"column":13}},"13":{"start":{"line":14,"column":0},"end":{"line":14,"column":11}},"14":{"start":{"line":15,"column":0},"end":{"line":15,"column":21}},"15":{"start":{"line":16,"column":0},"end":{"line":16,"column":21}},"16":{"start":{"line":17,"column":0},"end":{"line":17,"column":22}},"18":{"start":{"line":19,"column":0},"end":{"line":19,"column":73}},"19":{"start":{"line":20,"column":0},"end":{"line":20,"column":15}},"20":{"start":{"line":21,"column":0},"end":{"line":21,"column":40}},"21":{"start":{"line":22,"column":0},"end":{"line":22,"column":24}},"22":{"start":{"line":23,"column":0},"end":{"line":23,"column":30}},"24":{"start":{"line":25,"column":0},"end":{"line":25,"column":10}},"25":{"start":{"line":26,"column":0},"end":{"line":26,"column":39}},"26":{"start":{"line":27,"column":0},"end":{"line":27,"column":13}},"27":{"start":{"line":28,"column":0},"end":{"line":28,"column":31}},"28":{"start":{"line":29,"column":0},"end":{"line":29,"column":42}},"29":{"start":{"line":30,"column":0},"end":{"line":30,"column":28}},"31":{"start":{"line":32,"column":0},"end":{"line":32,"column":14}},"32":{"start":{"line":33,"column":0},"end":{"line":33,"column":15}},"33":{"start":{"line":34,"column":0},"end":{"line":34,"column":20}},"34":{"start":{"line":35,"column":0},"end":{"line":35,"column":15}},"35":{"start":{"line":36,"column":0},"end":{"line":36,"column":17}},"36":{"start":{"line":37,"column":0},"end":{"line":37,"column":38}},"37":{"start":{"line":38,"column":0},"end":{"line":38,"column":37}},"38":{"start":{"line":39,"column":0},"end":{"line":39,"column":9}},"40":{"start":{"line":41,"column":0},"end":{"line":41,"column":17}},"42":{"start":{"line":43,"column":0},"end":{"line":43,"column":44}},"44":{"start":{"line":45,"column":0},"end":{"line":45,"column":58}},"45":{"start":{"line":46,"column":0},"end":{"line":46,"column":18}},"46":{"start":{"line":47,"column":0},"end":{"line":47,"column":30}},"47":{"start":{"line":48,"column":0},"end":{"line":48,"column":17}},"48":{"start":{"line":49,"column":0},"end":{"line":49,"column":35}},"49":{"start":{"line":50,"column":0},"end":{"line":50,"column":35}},"50":{"start":{"line":51,"column":0},"end":{"line":51,"column":55}},"52":{"start":{"line":53,"column":0},"end":{"line":53,"column":31}},"53":{"start":{"line":54,"column":0},"end":{"line":54,"column":19}},"54":{"start":{"line":55,"column":0},"end":{"line":55,"column":11}},"56":{"start":{"line":57,"column":0},"end":{"line":57,"column":71}},"57":{"start":{"line":58,"column":0},"end":{"line":58,"column":14}},"58":{"start":{"line":59,"column":0},"end":{"line":59,"column":15}},"60":{"start":{"line":61,"column":0},"end":{"line":61,"column":64}},"61":{"start":{"line":62,"column":0},"end":{"line":62,"column":25}},"62":{"start":{"line":63,"column":0},"end":{"line":63,"column":17}},"63":{"start":{"line":64,"column":0},"end":{"line":64,"column":35}},"64":{"start":{"line":65,"column":0},"end":{"line":65,"column":35}},"65":{"start":{"line":66,"column":0},"end":{"line":66,"column":55}},"67":{"start":{"line":68,"column":0},"end":{"line":68,"column":31}},"68":{"start":{"line":69,"column":0},"end":{"line":69,"column":19}},"70":{"start":{"line":71,"column":0},"end":{"line":71,"column":8}},"72":{"start":{"line":73,"column":0},"end":{"line":73,"column":57}},"74":{"start":{"line":75,"column":0},"end":{"line":75,"column":29}},"75":{"start":{"line":76,"column":0},"end":{"line":76,"column":15}},"76":{"start":{"line":77,"column":0},"end":{"line":77,"column":26}},"77":{"start":{"line":78,"column":0},"end":{"line":78,"column":38}},"78":{"start":{"line":79,"column":0},"end":{"line":79,"column":46}},"80":{"start":{"line":81,"column":0},"end":{"line":81,"column":22}},"81":{"start":{"line":82,"column":0},"end":{"line":82,"column":17}},"83":{"start":{"line":84,"column":0},"end":{"line":84,"column":13}},"84":{"start":{"line":85,"column":0},"end":{"line":85,"column":31}},"85":{"start":{"line":86,"column":0},"end":{"line":86,"column":42}},"86":{"start":{"line":87,"column":0},"end":{"line":87,"column":37}},"88":{"start":{"line":89,"column":0},"end":{"line":89,"column":14}},"89":{"start":{"line":90,"column":0},"end":{"line":90,"column":15}},"90":{"start":{"line":91,"column":0},"end":{"line":91,"column":10}},"92":{"start":{"line":93,"column":0},"end":{"line":93,"column":1}}},"s":{"0":1,"8":1,"10":8,"11":8,"12":8,"13":8,"14":8,"15":8,"16":8,"18":8,"19":8,"20":8,"21":3,"22":5,"24":8,"25":8,"26":8,"27":8,"28":8,"29":8,"31":8,"32":8,"33":8,"34":6,"35":6,"36":6,"37":6,"38":6,"40":6,"42":8,"44":8,"45":8,"46":8,"47":18,"48":18,"49":18,"50":18,"52":18,"53":18,"54":8,"56":8,"57":8,"58":8,"60":8,"61":8,"62":24,"63":24,"64":24,"65":24,"67":24,"68":24,"70":8,"72":8,"74":8,"75":7,"76":7,"77":7,"78":7,"80":7,"81":7,"83":8,"84":8,"85":8,"86":8,"88":8,"89":8,"90":8,"92":8},"branchMap":{"0":{"type":"branch","line":11,"loc":{"start":{"line":11,"column":0},"end":{"line":93,"column":1}},"locations":[{"start":{"line":11,"column":0},"end":{"line":93,"column":1}}]},"1":{"type":"branch","line":19,"loc":{"start":{"line":19,"column":26},"end":{"line":19,"column":64}},"locations":[{"start":{"line":19,"column":26},"end":{"line":19,"column":64}}]},"2":{"type":"branch","line":19,"loc":{"start":{"line":19,"column":45},"end":{"line":19,"column":73}},"locations":[{"start":{"line":19,"column":45},"end":{"line":19,"column":73}}]},"3":{"type":"branch","line":21,"loc":{"start":{"line":21,"column":24},"end":{"line":22,"column":24}},"locations":[{"start":{"line":21,"column":24},"end":{"line":22,"column":24}}]},"4":{"type":"branch","line":22,"loc":{"start":{"line":22,"column":8},"end":{"line":23,"column":30}},"locations":[{"start":{"line":22,"column":8},"end":{"line":23,"column":30}}]},"5":{"type":"branch","line":34,"loc":{"start":{"line":34,"column":14},"end":{"line":41,"column":17}},"locations":[{"start":{"line":34,"column":14},"end":{"line":41,"column":17}}]},"6":{"type":"branch","line":43,"loc":{"start":{"line":43,"column":33},"end":{"line":43,"column":44}},"locations":[{"start":{"line":43,"column":33},"end":{"line":43,"column":44}}]},"7":{"type":"branch","line":73,"loc":{"start":{"line":73,"column":46},"end":{"line":73,"column":57}},"locations":[{"start":{"line":73,"column":46},"end":{"line":73,"column":57}}]},"8":{"type":"branch","line":75,"loc":{"start":{"line":75,"column":14},"end":{"line":82,"column":17}},"locations":[{"start":{"line":75,"column":14},"end":{"line":82,"column":17}}]},"9":{"type":"branch","line":45,"loc":{"start":{"line":45,"column":42},"end":{"line":45,"column":57}},"locations":[{"start":{"line":45,"column":42},"end":{"line":45,"column":57}}]},"10":{"type":"branch","line":47,"loc":{"start":{"line":47,"column":13},"end":{"line":54,"column":19}},"locations":[{"start":{"line":47,"column":13},"end":{"line":54,"column":19}}]},"11":{"type":"branch","line":61,"loc":{"start":{"line":61,"column":43},"end":{"line":61,"column":58}},"locations":[{"start":{"line":61,"column":43},"end":{"line":61,"column":58}}]},"12":{"type":"branch","line":62,"loc":{"start":{"line":62,"column":8},"end":{"line":69,"column":19}},"locations":[{"start":{"line":62,"column":8},"end":{"line":69,"column":19}}]},"13":{"type":"branch","line":66,"loc":{"start":{"line":66,"column":21},"end":{"line":66,"column":55}},"locations":[{"start":{"line":66,"column":21},"end":{"line":66,"column":55}}]}},"b":{"0":[8],"1":[2],"2":[6],"3":[3],"4":[5],"5":[6],"6":[1],"7":[3],"8":[7],"9":[18],"10":[18],"11":[24],"12":[24],"13":[1]},"fnMap":{"0":{"name":"Pagination","decl":{"start":{"line":11,"column":0},"end":{"line":93,"column":1}},"loc":{"start":{"line":11,"column":0},"end":{"line":93,"column":1}},"line":11},"1":{"name":"onClick","decl":{"start":{"line":29,"column":17},"end":{"line":29,"column":42}},"loc":{"start":{"line":29,"column":17},"end":{"line":29,"column":42}},"line":29},"2":{"name":"onClick","decl":{"start":{"line":38,"column":19},"end":{"line":38,"column":37}},"loc":{"start":{"line":38,"column":19},"end":{"line":38,"column":37}},"line":38},"3":{"name":"onClick","decl":{"start":{"line":51,"column":21},"end":{"line":51,"column":55}},"loc":{"start":{"line":51,"column":21},"end":{"line":51,"column":55}},"line":51},"4":{"name":"onClick","decl":{"start":{"line":66,"column":21},"end":{"line":66,"column":55}},"loc":{"start":{"line":66,"column":21},"end":{"line":66,"column":55}},"line":66},"5":{"name":"onClick","decl":{"start":{"line":79,"column":19},"end":{"line":79,"column":46}},"loc":{"start":{"line":79,"column":19},"end":{"line":79,"column":46}},"line":79},"6":{"name":"onClick","decl":{"start":{"line":86,"column":17},"end":{"line":86,"column":42}},"loc":{"start":{"line":86,"column":17},"end":{"line":86,"column":42}},"line":86}},"f":{"0":8,"1":0,"2":0,"3":0,"4":1,"5":0,"6":0}}
,"E:\\learning\\react\\rs_school\\React project setup\\src\\components\\Result\\Result.tsx": {"path":"E:\\learning\\react\\rs_school\\React project setup\\src\\components\\Result\\Result.tsx","all":false,"statementMap":{"2":{"start":{"line":3,"column":0},"end":{"line":3,"column":41}},"3":{"start":{"line":4,"column":0},"end":{"line":4,"column":38}},"10":{"start":{"line":11,"column":0},"end":{"line":11,"column":67}},"11":{"start":{"line":12,"column":0},"end":{"line":12,"column":47}},"12":{"start":{"line":13,"column":0},"end":{"line":13,"column":71}},"13":{"start":{"line":14,"column":0},"end":{"line":14,"column":3}},"14":{"start":{"line":15,"column":0},"end":{"line":15,"column":10}},"15":{"start":{"line":16,"column":0},"end":{"line":16,"column":35}},"16":{"start":{"line":17,"column":0},"end":{"line":17,"column":38}},"17":{"start":{"line":18,"column":0},"end":{"line":18,"column":76}},"18":{"start":{"line":19,"column":0},"end":{"line":19,"column":9}},"19":{"start":{"line":20,"column":0},"end":{"line":20,"column":10}},"21":{"start":{"line":22,"column":0},"end":{"line":22,"column":1}}},"s":{"2":1,"3":1,"10":4,"11":4,"12":1,"13":1,"14":3,"15":3,"16":3,"17":6,"18":3,"19":3,"21":3},"branchMap":{"0":{"type":"branch","line":11,"loc":{"start":{"line":11,"column":0},"end":{"line":22,"column":1}},"locations":[{"start":{"line":11,"column":0},"end":{"line":22,"column":1}}]},"1":{"type":"branch","line":12,"loc":{"start":{"line":12,"column":46},"end":{"line":14,"column":3}},"locations":[{"start":{"line":12,"column":46},"end":{"line":14,"column":3}}]},"2":{"type":"branch","line":14,"loc":{"start":{"line":14,"column":2},"end":{"line":22,"column":1}},"locations":[{"start":{"line":14,"column":2},"end":{"line":22,"column":1}}]},"3":{"type":"branch","line":17,"loc":{"start":{"line":17,"column":22},"end":{"line":18,"column":76}},"locations":[{"start":{"line":17,"column":22},"end":{"line":18,"column":76}}]}},"b":{"0":[4],"1":[1],"2":[3],"3":[6]},"fnMap":{"0":{"name":"Result","decl":{"start":{"line":11,"column":0},"end":{"line":22,"column":1}},"loc":{"start":{"line":11,"column":0},"end":{"line":22,"column":1}},"line":11}},"f":{"0":4}}
,"E:\\learning\\react\\rs_school\\React project setup\\src\\components\\Result\\ResultItem.tsx": {"path":"E:\\learning\\react\\rs_school\\React project setup\\src\\components\\Result\\ResultItem.tsx","all":false,"statementMap":{"0":{"start":{"line":1,"column":0},"end":{"line":1,"column":36}},"3":{"start":{"line":4,"column":0},"end":{"line":4,"column":41}},"4":{"start":{"line":5,"column":0},"end":{"line":5,"column":67}},"11":{"start":{"line":12,"column":0},"end":{"line":12,"column":74}},"12":{"start":{"line":13,"column":0},"end":{"line":13,"column":58}},"13":{"start":{"line":14,"column":0},"end":{"line":14,"column":28}},"14":{"start":{"line":15,"column":0},"end":{"line":15,"column":10}},"15":{"start":{"line":16,"column":0},"end":{"line":16,"column":33}},"16":{"start":{"line":17,"column":0},"end":{"line":17,"column":12}},"17":{"start":{"line":18,"column":0},"end":{"line":18,"column":23}},"18":{"start":{"line":19,"column":0},"end":{"line":19,"column":28}},"19":{"start":{"line":20,"column":0},"end":{"line":20,"column":26}},"20":{"start":{"line":21,"column":0},"end":{"line":21,"column":75}},"21":{"start":{"line":22,"column":0},"end":{"line":22,"column":60}},"22":{"start":{"line":23,"column":0},"end":{"line":23,"column":8}},"23":{"start":{"line":24,"column":0},"end":{"line":24,"column":80}},"24":{"start":{"line":25,"column":0},"end":{"line":25,"column":63}},"25":{"start":{"line":26,"column":0},"end":{"line":26,"column":13}},"26":{"start":{"line":27,"column":0},"end":{"line":27,"column":10}},"28":{"start":{"line":29,"column":0},"end":{"line":29,"column":1}}},"s":{"0":1,"3":1,"4":1,"11":6,"12":6,"13":6,"14":6,"15":6,"16":6,"17":6,"18":6,"19":6,"20":6,"21":6,"22":6,"23":6,"24":6,"25":6,"26":6,"28":6},"branchMap":{"0":{"type":"branch","line":12,"loc":{"start":{"line":12,"column":0},"end":{"line":29,"column":1}},"locations":[{"start":{"line":12,"column":0},"end":{"line":29,"column":1}}]}},"b":{"0":[6]},"fnMap":{"0":{"name":"ResultItem","decl":{"start":{"line":12,"column":0},"end":{"line":29,"column":1}},"loc":{"start":{"line":12,"column":0},"end":{"line":29,"column":1}},"line":12},"1":{"name":"onChange","decl":{"start":{"line":22,"column":18},"end":{"line":22,"column":60}},"loc":{"start":{"line":22,"column":18},"end":{"line":22,"column":60}},"line":22}},"f":{"0":6,"1":0}}
,"E:\\learning\\react\\rs_school\\React project setup\\src\\components\\Search\\Search.tsx": {"path":"E:\\learning\\react\\rs_school\\React project setup\\src\\components\\Search\\Search.tsx","all":false,"statementMap":{"0":{"start":{"line":1,"column":0},"end":{"line":1,"column":51}},"2":{"start":{"line":3,"column":0},"end":{"line":3,"column":41}},"9":{"start":{"line":10,"column":0},"end":{"line":10,"column":66}},"10":{"start":{"line":11,"column":0},"end":{"line":11,"column":60}},"12":{"start":{"line":13,"column":0},"end":{"line":13,"column":64}},"13":{"start":{"line":14,"column":0},"end":{"line":14,"column":34}},"14":{"start":{"line":15,"column":0},"end":{"line":15,"column":3}},"16":{"start":{"line":17,"column":0},"end":{"line":17,"column":10}},"17":{"start":{"line":18,"column":0},"end":{"line":18,"column":35}},"18":{"start":{"line":19,"column":0},"end":{"line":19,"column":12}},"19":{"start":{"line":20,"column":0},"end":{"line":20,"column":32}},"20":{"start":{"line":21,"column":0},"end":{"line":21,"column":19}},"21":{"start":{"line":22,"column":0},"end":{"line":22,"column":39}},"22":{"start":{"line":23,"column":0},"end":{"line":23,"column":26}},"23":{"start":{"line":24,"column":0},"end":{"line":24,"column":36}},"24":{"start":{"line":25,"column":0},"end":{"line":25,"column":8}},"25":{"start":{"line":26,"column":0},"end":{"line":26,"column":74}},"27":{"start":{"line":28,"column":0},"end":{"line":28,"column":15}},"28":{"start":{"line":29,"column":0},"end":{"line":29,"column":10}},"30":{"start":{"line":31,"column":0},"end":{"line":31,"column":1}}},"s":{"0":1,"2":1,"9":35,"10":35,"12":35,"13":25,"14":25,"16":35,"17":35,"18":35,"19":35,"20":35,"21":35,"22":35,"23":35,"24":35,"25":35,"27":35,"28":35,"30":35},"branchMap":{"0":{"type":"branch","line":10,"loc":{"start":{"line":10,"column":0},"end":{"line":31,"column":1}},"locations":[{"start":{"line":10,"column":0},"end":{"line":31,"column":1}}]},"1":{"type":"branch","line":11,"loc":{"start":{"line":11,"column":47},"end":{"line":11,"column":58}},"locations":[{"start":{"line":11,"column":47},"end":{"line":11,"column":58}}]},"2":{"type":"branch","line":13,"loc":{"start":{"line":13,"column":2},"end":{"line":15,"column":3}},"locations":[{"start":{"line":13,"column":2},"end":{"line":15,"column":3}}]},"3":{"type":"branch","line":26,"loc":{"start":{"line":26,"column":46},"end":{"line":26,"column":74}},"locations":[{"start":{"line":26,"column":46},"end":{"line":26,"column":74}}]}},"b":{"0":[35],"1":[0],"2":[25],"3":[1]},"fnMap":{"0":{"name":"Search","decl":{"start":{"line":10,"column":0},"end":{"line":31,"column":1}},"loc":{"start":{"line":10,"column":0},"end":{"line":31,"column":1}},"line":10},"1":{"name":"handleInputChange","decl":{"start":{"line":13,"column":2},"end":{"line":15,"column":3}},"loc":{"start":{"line":13,"column":2},"end":{"line":15,"column":3}},"line":13},"2":{"name":"onClick","decl":{"start":{"line":26,"column":46},"end":{"line":26,"column":74}},"loc":{"start":{"line":26,"column":46},"end":{"line":26,"column":74}},"line":26}},"f":{"0":35,"1":25,"2":1}}
,"E:\\learning\\react\\rs_school\\React project setup\\src\\components\\ThemeToggler\\ThemeToggler.tsx": {"path":"E:\\learning\\react\\rs_school\\React project setup\\src\\components\\ThemeToggler\\ThemeToggler.tsx","all":false,"statementMap":{"0":{"start":{"line":1,"column":0},"end":{"line":1,"column":35}},"1":{"start":{"line":2,"column":0},"end":{"line":2,"column":58}},"3":{"start":{"line":4,"column":0},"end":{"line":4,"column":47}},"5":{"start":{"line":6,"column":0},"end":{"line":6,"column":40}},"6":{"start":{"line":7,"column":0},"end":{"line":7,"column":58}},"7":{"start":{"line":8,"column":0},"end":{"line":8,"column":10}},"8":{"start":{"line":9,"column":0},"end":{"line":9,"column":9}},"9":{"start":{"line":10,"column":0},"end":{"line":10,"column":12}},"10":{"start":{"line":11,"column":0},"end":{"line":11,"column":23}},"11":{"start":{"line":12,"column":0},"end":{"line":12,"column":25}},"12":{"start":{"line":13,"column":0},"end":{"line":13,"column":33}},"13":{"start":{"line":14,"column":0},"end":{"line":14,"column":32}},"14":{"start":{"line":15,"column":0},"end":{"line":15,"column":38}},"15":{"start":{"line":16,"column":0},"end":{"line":16,"column":34}},"16":{"start":{"line":17,"column":0},"end":{"line":17,"column":8}},"17":{"start":{"line":18,"column":0},"end":{"line":18,"column":61}},"18":{"start":{"line":19,"column":0},"end":{"line":19,"column":66}},"19":{"start":{"line":20,"column":0},"end":{"line":20,"column":67}},"20":{"start":{"line":21,"column":0},"end":{"line":21,"column":14}},"21":{"start":{"line":22,"column":0},"end":{"line":22,"column":10}},"23":{"start":{"line":24,"column":0},"end":{"line":24,"column":1}}},"s":{"0":1,"1":1,"3":1,"5":2,"6":2,"7":2,"8":2,"9":2,"10":2,"11":2,"12":2,"13":2,"14":2,"15":2,"16":2,"17":2,"18":2,"19":2,"20":2,"21":2,"23":2},"branchMap":{"0":{"type":"branch","line":6,"loc":{"start":{"line":6,"column":0},"end":{"line":24,"column":1}},"locations":[{"start":{"line":6,"column":0},"end":{"line":24,"column":1}}]},"1":{"type":"branch","line":15,"loc":{"start":{"line":15,"column":18},"end":{"line":15,"column":38}},"locations":[{"start":{"line":15,"column":18},"end":{"line":15,"column":38}}]}},"b":{"0":[2],"1":[1]},"fnMap":{"0":{"name":"ThemeToggler","decl":{"start":{"line":6,"column":0},"end":{"line":24,"column":1}},"loc":{"start":{"line":6,"column":0},"end":{"line":24,"column":1}},"line":6},"1":{"name":"onChange","decl":{"start":{"line":15,"column":18},"end":{"line":15,"column":38}},"loc":{"start":{"line":15,"column":18},"end":{"line":15,"column":38}},"line":15}},"f":{"0":2,"1":1}}
,"E:\\learning\\react\\rs_school\\React project setup\\src\\components\\TotalSelected\\TotalSelected.tsx": {"path":"E:\\learning\\react\\rs_school\\React project setup\\src\\components\\TotalSelected\\TotalSelected.tsx","all":false,"statementMap":{"0":{"start":{"line":1,"column":0},"end":{"line":1,"column":67}},"1":{"start":{"line":2,"column":0},"end":{"line":2,"column":46}},"3":{"start":{"line":4,"column":0},"end":{"line":4,"column":48}},"5":{"start":{"line":6,"column":0},"end":{"line":6,"column":41}},"6":{"start":{"line":7,"column":0},"end":{"line":7,"column":51}},"7":{"start":{"line":8,"column":0},"end":{"line":8,"column":39}},"8":{"start":{"line":9,"column":0},"end":{"line":9,"column":4}},"9":{"start":{"line":10,"column":0},"end":{"line":10,"column":74}},"11":{"start":{"line":12,"column":0},"end":{"line":12,"column":40}},"12":{"start":{"line":13,"column":0},"end":{"line":13,"column":16}},"13":{"start":{"line":14,"column":0},"end":{"line":14,"column":3}},"15":{"start":{"line":16,"column":0},"end":{"line":16,"column":10}},"16":{"start":{"line":17,"column":0},"end":{"line":17,"column":42}},"17":{"start":{"line":18,"column":0},"end":{"line":18,"column":71}},"18":{"start":{"line":19,"column":0},"end":{"line":19,"column":51}},"19":{"start":{"line":20,"column":0},"end":{"line":20,"column":67}},"20":{"start":{"line":21,"column":0},"end":{"line":21,"column":64}},"22":{"start":{"line":23,"column":0},"end":{"line":23,"column":17}},"23":{"start":{"line":24,"column":0},"end":{"line":24,"column":12}},"24":{"start":{"line":25,"column":0},"end":{"line":25,"column":10}},"26":{"start":{"line":27,"column":0},"end":{"line":27,"column":1}}},"s":{"0":1,"1":1,"3":1,"5":9,"6":9,"7":9,"8":9,"9":9,"11":9,"12":6,"13":6,"15":3,"16":3,"17":3,"18":3,"19":3,"20":3,"22":3,"23":3,"24":3,"26":3},"branchMap":{"0":{"type":"branch","line":6,"loc":{"start":{"line":6,"column":0},"end":{"line":27,"column":1}},"locations":[{"start":{"line":6,"column":0},"end":{"line":27,"column":1}}]},"1":{"type":"branch","line":12,"loc":{"start":{"line":12,"column":39},"end":{"line":14,"column":3}},"locations":[{"start":{"line":12,"column":39},"end":{"line":14,"column":3}}]},"2":{"type":"branch","line":14,"loc":{"start":{"line":14,"column":2},"end":{"line":27,"column":1}},"locations":[{"start":{"line":14,"column":2},"end":{"line":27,"column":1}}]},"3":{"type":"branch","line":8,"loc":{"start":{"line":8,"column":4},"end":{"line":8,"column":39}},"locations":[{"start":{"line":8,"column":4},"end":{"line":8,"column":39}}]},"4":{"type":"branch","line":10,"loc":{"start":{"line":10,"column":44},"end":{"line":10,"column":72}},"locations":[{"start":{"line":10,"column":44},"end":{"line":10,"column":72}}]},"5":{"type":"branch","line":20,"loc":{"start":{"line":20,"column":25},"end":{"line":20,"column":46}},"locations":[{"start":{"line":20,"column":25},"end":{"line":20,"column":46}}]},"6":{"type":"branch","line":21,"loc":{"start":{"line":21,"column":25},"end":{"line":21,"column":64}},"locations":[{"start":{"line":21,"column":25},"end":{"line":21,"column":64}}]}},"b":{"0":[9],"1":[6],"2":[3],"3":[31],"4":[31],"5":[1],"6":[1]},"fnMap":{"0":{"name":"TotalSelected","decl":{"start":{"line":6,"column":0},"end":{"line":27,"column":1}},"loc":{"start":{"line":6,"column":0},"end":{"line":27,"column":1}},"line":6},"1":{"name":"onClick","decl":{"start":{"line":20,"column":25},"end":{"line":20,"column":46}},"loc":{"start":{"line":20,"column":25},"end":{"line":20,"column":46}},"line":20},"2":{"name":"onClick","decl":{"start":{"line":21,"column":25},"end":{"line":21,"column":64}},"loc":{"start":{"line":21,"column":25},"end":{"line":21,"column":64}},"line":21}},"f":{"0":9,"1":1,"2":1}}
,"E:\\learning\\react\\rs_school\\React project setup\\src\\context\\ThemeContext.tsx": {"path":"E:\\learning\\react\\rs_school\\React project setup\\src\\context\\ThemeContext.tsx","all":false,"statementMap":{"0":{"start":{"line":1,"column":0},"end":{"line":1,"column":56}},"1":{"start":{"line":2,"column":0},"end":{"line":2,"column":55}},"14":{"start":{"line":15,"column":0},"end":{"line":15,"column":55}},"15":{"start":{"line":16,"column":0},"end":{"line":16,"column":17}},"16":{"start":{"line":17,"column":0},"end":{"line":17,"column":24}},"17":{"start":{"line":18,"column":0},"end":{"line":18,"column":3}},"19":{"start":{"line":20,"column":0},"end":{"line":20,"column":46}},"20":{"start":{"line":21,"column":0},"end":{"line":21,"column":11}},"21":{"start":{"line":22,"column":0},"end":{"line":22,"column":31}},"22":{"start":{"line":23,"column":0},"end":{"line":23,"column":52}},"23":{"start":{"line":24,"column":0},"end":{"line":24,"column":26}},"24":{"start":{"line":25,"column":0},"end":{"line":25,"column":17}},"25":{"start":{"line":26,"column":0},"end":{"line":26,"column":5}},"27":{"start":{"line":28,"column":0},"end":{"line":28,"column":19}},"28":{"start":{"line":29,"column":0},"end":{"line":29,"column":63}},"29":{"start":{"line":30,"column":0},"end":{"line":30,"column":14}},"31":{"start":{"line":32,"column":0},"end":{"line":32,"column":26}},"32":{"start":{"line":33,"column":0},"end":{"line":33,"column":68}},"33":{"start":{"line":34,"column":0},"end":{"line":34,"column":3}},"35":{"start":{"line":36,"column":0},"end":{"line":36,"column":80}},"36":{"start":{"line":37,"column":0},"end":{"line":37,"column":1}}},"s":{"0":1,"1":1,"14":1,"15":1,"16":1,"17":1,"19":3,"20":3,"21":3,"22":3,"23":3,"24":3,"25":3,"27":3,"28":3,"29":3,"31":3,"32":2,"33":2,"35":3,"36":3},"branchMap":{"0":{"type":"branch","line":20,"loc":{"start":{"line":20,"column":0},"end":{"line":37,"column":1}},"locations":[{"start":{"line":20,"column":0},"end":{"line":37,"column":1}}]},"1":{"type":"branch","line":28,"loc":{"start":{"line":28,"column":12},"end":{"line":30,"column":5}},"locations":[{"start":{"line":28,"column":12},"end":{"line":30,"column":5}}]},"2":{"type":"branch","line":32,"loc":{"start":{"line":32,"column":2},"end":{"line":34,"column":3}},"locations":[{"start":{"line":32,"column":2},"end":{"line":34,"column":3}}]},"3":{"type":"branch","line":33,"loc":{"start":{"line":33,"column":13},"end":{"line":33,"column":66}},"locations":[{"start":{"line":33,"column":13},"end":{"line":33,"column":66}}]},"4":{"type":"branch","line":33,"loc":{"start":{"line":33,"column":40},"end":{"line":33,"column":59}},"locations":[{"start":{"line":33,"column":40},"end":{"line":33,"column":59}}]},"5":{"type":"branch","line":33,"loc":{"start":{"line":33,"column":49},"end":{"line":33,"column":66}},"locations":[{"start":{"line":33,"column":49},"end":{"line":33,"column":66}}]}},"b":{"0":[3],"1":[3],"2":[2],"3":[2],"4":[1],"5":[1]},"fnMap":{"0":{"name":"toggleTheme","decl":{"start":{"line":17,"column":15},"end":{"line":17,"column":24}},"loc":{"start":{"line":17,"column":15},"end":{"line":17,"column":24}},"line":17},"1":{"name":"ThemeContextProvider","decl":{"start":{"line":20,"column":0},"end":{"line":37,"column":1}},"loc":{"start":{"line":20,"column":0},"end":{"line":37,"column":1}},"line":20},"2":{"name":"toggleTheme","decl":{"start":{"line":32,"column":2},"end":{"line":34,"column":3}},"loc":{"start":{"line":32,"column":2},"end":{"line":34,"column":3}},"line":32}},"f":{"0":0,"1":3,"2":2}}
,"E:\\learning\\react\\rs_school\\React project setup\\src\\hooks\\useCharacter.ts": {"path":"E:\\learning\\react\\rs_school\\React project setup\\src\\hooks\\useCharacter.ts","all":true,"statementMap":{"0":{"start":{"line":1,"column":0},"end":{"line":1,"column":49}},"1":{"start":{"line":2,"column":0},"end":{"line":2,"column":51}},"2":{"start":{"line":3,"column":0},"end":{"line":3,"column":59}},"3":{"start":{"line":4,"column":0},"end":{"line":4,"column":0}},"4":{"start":{"line":5,"column":0},"end":{"line":5,"column":62}},"5":{"start":{"line":6,"column":0},"end":{"line":6,"column":67}},"6":{"start":{"line":7,"column":0},"end":{"line":7,"column":36}},"7":{"start":{"line":8,"column":0},"end":{"line":8,"column":68}},"8":{"start":{"line":9,"column":0},"end":{"line":9,"column":25}},"9":{"start":{"line":10,"column":0},"end":{"line":10,"column":5}},"10":{"start":{"line":11,"column":0},"end":{"line":11,"column":0}},"11":{"start":{"line":12,"column":0},"end":{"line":12,"column":10}},"12":{"start":{"line":13,"column":0},"end":{"line":13,"column":14}},"13":{"start":{"line":14,"column":0},"end":{"line":14,"column":31}},"14":{"start":{"line":15,"column":0},"end":{"line":15,"column":10}},"15":{"start":{"line":16,"column":0},"end":{"line":16,"column":4}},"16":{"start":{"line":17,"column":0},"end":{"line":17,"column":1}}},"s":{"0":0,"1":0,"2":0,"3":0,"4":0,"5":0,"6":0,"7":0,"8":0,"9":0,"10":0,"11":0,"12":0,"13":0,"14":0,"15":0,"16":0},"branchMap":{"0":{"type":"branch","line":1,"loc":{"start":{"line":1,"column":0},"end":{"line":17,"column":1}},"locations":[{"start":{"line":1,"column":0},"end":{"line":17,"column":1}}]}},"b":{"0":[0]},"fnMap":{"0":{"name":"(empty-report)","decl":{"start":{"line":1,"column":0},"end":{"line":17,"column":1}},"loc":{"start":{"line":1,"column":0},"end":{"line":17,"column":1}},"line":1}},"f":{"0":0}}
,"E:\\learning\\react\\rs_school\\React project setup\\src\\hooks\\useCharacters.ts": {"path":"E:\\learning\\react\\rs_school\\React project setup\\src\\hooks\\useCharacters.ts","all":false,"statementMap":{"0":{"start":{"line":1,"column":0},"end":{"line":1,"column":49}},"1":{"start":{"line":2,"column":0},"end":{"line":2,"column":48}},"9":{"start":{"line":10,"column":0},"end":{"line":10,"column":39}},"10":{"start":{"line":11,"column":0},"end":{"line":11,"column":13}},"11":{"start":{"line":12,"column":0},"end":{"line":12,"column":7}},"12":{"start":{"line":13,"column":0},"end":{"line":13,"column":24}},"13":{"start":{"line":14,"column":0},"end":{"line":14,"column":61}},"14":{"start":{"line":15,"column":0},"end":{"line":15,"column":51}},"15":{"start":{"line":16,"column":0},"end":{"line":16,"column":28}},"16":{"start":{"line":17,"column":0},"end":{"line":17,"column":60}},"17":{"start":{"line":18,"column":0},"end":{"line":18,"column":5}},"19":{"start":{"line":20,"column":0},"end":{"line":20,"column":10}},"20":{"start":{"line":21,"column":0},"end":{"line":21,"column":14}},"21":{"start":{"line":22,"column":0},"end":{"line":22,"column":39}},"22":{"start":{"line":23,"column":0},"end":{"line":23,"column":38}},"23":{"start":{"line":24,"column":0},"end":{"line":24,"column":10}},"24":{"start":{"line":25,"column":0},"end":{"line":25,"column":4}},"25":{"start":{"line":26,"column":0},"end":{"line":26,"column":1}}},"s":{"0":1,"1":1,"9":5,"10":5,"11":5,"12":5,"13":5,"14":5,"15":5,"16":3,"17":5,"19":5,"20":5,"21":5,"22":5,"23":5,"24":5,"25":5},"branchMap":{"0":{"type":"branch","line":10,"loc":{"start":{"line":10,"column":0},"end":{"line":26,"column":1}},"locations":[{"start":{"line":10,"column":0},"end":{"line":26,"column":1}}]},"1":{"type":"branch","line":22,"loc":{"start":{"line":22,"column":16},"end":{"line":22,"column":36}},"locations":[{"start":{"line":22,"column":16},"end":{"line":22,"column":36}}]},"2":{"type":"branch","line":22,"loc":{"start":{"line":22,"column":22},"end":{"line":22,"column":39}},"locations":[{"start":{"line":22,"column":22},"end":{"line":22,"column":39}}]},"3":{"type":"branch","line":23,"loc":{"start":{"line":23,"column":16},"end":{"line":23,"column":27}},"locations":[{"start":{"line":23,"column":16},"end":{"line":23,"column":27}}]},"4":{"type":"branch","line":16,"loc":{"start":{"line":16,"column":13},"end":{"line":17,"column":60}},"locations":[{"start":{"line":16,"column":13},"end":{"line":17,"column":60}}]}},"b":{"0":[5],"1":[1],"2":[4],"3":[1],"4":[3]},"fnMap":{"0":{"name":"useCharacters","decl":{"start":{"line":10,"column":0},"end":{"line":26,"column":1}},"loc":{"start":{"line":10,"column":0},"end":{"line":26,"column":1}},"line":10},"1":{"name":"queryFn","decl":{"start":{"line":16,"column":13},"end":{"line":17,"column":60}},"loc":{"start":{"line":16,"column":13},"end":{"line":17,"column":60}},"line":16}},"f":{"0":5,"1":3}}
,"E:\\learning\\react\\rs_school\\React project setup\\src\\hooks\\useClickOutside.ts": {"path":"E:\\learning\\react\\rs_school\\React project setup\\src\\hooks\\useClickOutside.ts","all":false,"statementMap":{"0":{"start":{"line":1,"column":0},"end":{"line":1,"column":34}},"1":{"start":{"line":2,"column":0},"end":{"line":2,"column":43}},"7":{"start":{"line":8,"column":0},"end":{"line":8,"column":78}},"8":{"start":{"line":9,"column":0},"end":{"line":9,"column":33}},"10":{"start":{"line":11,"column":0},"end":{"line":11,"column":19}},"11":{"start":{"line":12,"column":0},"end":{"line":12,"column":55}},"12":{"start":{"line":13,"column":0},"end":{"line":13,"column":71}},"13":{"start":{"line":14,"column":0},"end":{"line":14,"column":38}},"14":{"start":{"line":15,"column":0},"end":{"line":15,"column":7}},"15":{"start":{"line":16,"column":0},"end":{"line":16,"column":6}},"17":{"start":{"line":18,"column":0},"end":{"line":18,"column":59}},"18":{"start":{"line":19,"column":0},"end":{"line":19,"column":75}},"19":{"start":{"line":20,"column":0},"end":{"line":20,"column":28}},"21":{"start":{"line":22,"column":0},"end":{"line":22,"column":12}},"22":{"start":{"line":23,"column":0},"end":{"line":23,"column":1}}},"s":{"0":1,"1":1,"7":3,"8":3,"10":3,"11":3,"12":0,"13":0,"14":0,"15":0,"17":3,"18":3,"19":3,"21":3,"22":3},"branchMap":{"0":{"type":"branch","line":8,"loc":{"start":{"line":8,"column":0},"end":{"line":23,"column":1}},"locations":[{"start":{"line":8,"column":0},"end":{"line":23,"column":1}}]},"1":{"type":"branch","line":11,"loc":{"start":{"line":11,"column":12},"end":{"line":20,"column":5}},"locations":[{"start":{"line":11,"column":12},"end":{"line":20,"column":5}}]},"2":{"type":"branch","line":19,"loc":{"start":{"line":19,"column":11},"end":{"line":19,"column":75}},"locations":[{"start":{"line":19,"column":11},"end":{"line":19,"column":75}}]}},"b":{"0":[3],"1":[3],"2":[3]},"fnMap":{"0":{"name":"useClickOutside","decl":{"start":{"line":8,"column":0},"end":{"line":23,"column":1}},"loc":{"start":{"line":8,"column":0},"end":{"line":23,"column":1}},"line":8},"1":{"name":"handleClickOutside","decl":{"start":{"line":12,"column":31},"end":{"line":16,"column":6}},"loc":{"start":{"line":12,"column":31},"end":{"line":16,"column":6}},"line":12}},"f":{"0":3,"1":0}}
,"E:\\learning\\react\\rs_school\\React project setup\\src\\hooks\\useLocalStorage.ts": {"path":"E:\\learning\\react\\rs_school\\React project setup\\src\\hooks\\useLocalStorage.ts","all":false,"statementMap":{"0":{"start":{"line":1,"column":0},"end":{"line":1,"column":33}},"7":{"start":{"line":8,"column":0},"end":{"line":8,"column":43}},"8":{"start":{"line":9,"column":0},"end":{"line":9,"column":32}},"9":{"start":{"line":10,"column":0},"end":{"line":10,"column":47}},"10":{"start":{"line":11,"column":0},"end":{"line":11,"column":38}},"12":{"start":{"line":13,"column":0},"end":{"line":13,"column":59}},"13":{"start":{"line":14,"column":0},"end":{"line":14,"column":9}},"14":{"start":{"line":15,"column":0},"end":{"line":15,"column":45}},"15":{"start":{"line":16,"column":0},"end":{"line":16,"column":59}},"16":{"start":{"line":17,"column":0},"end":{"line":17,"column":13}},"17":{"start":{"line":18,"column":0},"end":{"line":18,"column":26}},"18":{"start":{"line":19,"column":0},"end":{"line":19,"column":5}},"19":{"start":{"line":20,"column":0},"end":{"line":20,"column":5}},"21":{"start":{"line":22,"column":0},"end":{"line":22,"column":53}},"22":{"start":{"line":23,"column":0},"end":{"line":23,"column":30}},"23":{"start":{"line":24,"column":0},"end":{"line":24,"column":26}},"24":{"start":{"line":25,"column":0},"end":{"line":25,"column":78}},"26":{"start":{"line":27,"column":0},"end":{"line":27,"column":62}},"27":{"start":{"line":28,"column":0},"end":{"line":28,"column":26}},"28":{"start":{"line":29,"column":0},"end":{"line":29,"column":7}},"29":{"start":{"line":30,"column":0},"end":{"line":30,"column":4}},"31":{"start":{"line":32,"column":0},"end":{"line":32,"column":33}},"32":{"start":{"line":33,"column":0},"end":{"line":33,"column":1}}},"s":{"0":1,"7":13,"8":13,"9":13,"10":13,"12":13,"13":8,"14":8,"15":8,"16":8,"17":1,"18":1,"19":13,"21":13,"22":3,"23":3,"24":3,"26":3,"27":3,"28":3,"29":3,"31":13,"32":13},"branchMap":{"0":{"type":"branch","line":8,"loc":{"start":{"line":8,"column":0},"end":{"line":33,"column":1}},"locations":[{"start":{"line":8,"column":0},"end":{"line":33,"column":1}}]},"1":{"type":"branch","line":13,"loc":{"start":{"line":13,"column":52},"end":{"line":20,"column":3}},"locations":[{"start":{"line":13,"column":52},"end":{"line":20,"column":3}}]},"2":{"type":"branch","line":16,"loc":{"start":{"line":16,"column":13},"end":{"line":16,"column":46}},"locations":[{"start":{"line":16,"column":13},"end":{"line":16,"column":46}}]},"3":{"type":"branch","line":16,"loc":{"start":{"line":16,"column":36},"end":{"line":16,"column":59}},"locations":[{"start":{"line":16,"column":36},"end":{"line":16,"column":59}}]},"4":{"type":"branch","line":17,"loc":{"start":{"line":17,"column":4},"end":{"line":19,"column":5}},"locations":[{"start":{"line":17,"column":4},"end":{"line":19,"column":5}}]},"5":{"type":"branch","line":22,"loc":{"start":{"line":22,"column":19},"end":{"line":30,"column":4}},"locations":[{"start":{"line":22,"column":19},"end":{"line":30,"column":4}}]},"6":{"type":"branch","line":23,"loc":{"start":{"line":23,"column":19},"end":{"line":29,"column":5}},"locations":[{"start":{"line":23,"column":19},"end":{"line":29,"column":5}}]},"7":{"type":"branch","line":25,"loc":{"start":{"line":25,"column":25},"end":{"line":25,"column":72}},"locations":[{"start":{"line":25,"column":25},"end":{"line":25,"column":72}}]},"8":{"type":"branch","line":25,"loc":{"start":{"line":25,"column":68},"end":{"line":25,"column":78}},"locations":[{"start":{"line":25,"column":68},"end":{"line":25,"column":78}}]}},"b":{"0":[13],"1":[8],"2":[2],"3":[6],"4":[1],"5":[3],"6":[3],"7":[2],"8":[1]},"fnMap":{"0":{"name":"useLocalStorage","decl":{"start":{"line":8,"column":0},"end":{"line":33,"column":1}},"loc":{"start":{"line":8,"column":0},"end":{"line":33,"column":1}},"line":8},"1":{"name":"setValue","decl":{"start":{"line":22,"column":19},"end":{"line":30,"column":4}},"loc":{"start":{"line":22,"column":19},"end":{"line":30,"column":4}},"line":22}},"f":{"0":13,"1":3}}
,"E:\\learning\\react\\rs_school\\React project setup\\src\\layout\\Layout.tsx": {"path":"E:\\learning\\react\\rs_school\\React project setup\\src\\layout\\Layout.tsx","all":true,"statementMap":{"0":{"start":{"line":1,"column":0},"end":{"line":1,"column":38}},"1":{"start":{"line":2,"column":0},"end":{"line":2,"column":38}},"2":{"start":{"line":3,"column":0},"end":{"line":3,"column":0}},"3":{"start":{"line":4,"column":0},"end":{"line":4,"column":41}},"4":{"start":{"line":5,"column":0},"end":{"line":5,"column":0}},"5":{"start":{"line":6,"column":0},"end":{"line":6,"column":34}},"6":{"start":{"line":7,"column":0},"end":{"line":7,"column":10}},"7":{"start":{"line":8,"column":0},"end":{"line":8,"column":35}},"8":{"start":{"line":9,"column":0},"end":{"line":9,"column":20}},"9":{"start":{"line":10,"column":0},"end":{"line":10,"column":16}},"10":{"start":{"line":11,"column":0},"end":{"line":11,"column":10}},"11":{"start":{"line":12,"column":0},"end":{"line":12,"column":4}},"12":{"start":{"line":13,"column":0},"end":{"line":13,"column":1}}},"s":{"0":0,"1":0,"2":0,"3":0,"4":0,"5":0,"6":0,"7":0,"8":0,"9":0,"10":0,"11":0,"12":0},"branchMap":{"0":{"type":"branch","line":1,"loc":{"start":{"line":1,"column":0},"end":{"line":13,"column":1}},"locations":[{"start":{"line":1,"column":0},"end":{"line":13,"column":1}}]}},"b":{"0":[0]},"fnMap":{"0":{"name":"(empty-report)","decl":{"start":{"line":1,"column":0},"end":{"line":13,"column":1}},"loc":{"start":{"line":1,"column":0},"end":{"line":13,"column":1}},"line":1}},"f":{"0":0}}
,"E:\\learning\\react\\rs_school\\React project setup\\src\\layout\\Navigation.tsx": {"path":"E:\\learning\\react\\rs_school\\React project setup\\src\\layout\\Navigation.tsx","all":true,"statementMap":{"0":{"start":{"line":1,"column":0},"end":{"line":1,"column":36}},"1":{"start":{"line":2,"column":0},"end":{"line":2,"column":41}},"2":{"start":{"line":3,"column":0},"end":{"line":3,"column":0}},"3":{"start":{"line":4,"column":0},"end":{"line":4,"column":67}},"4":{"start":{"line":5,"column":0},"end":{"line":5,"column":0}},"5":{"start":{"line":6,"column":0},"end":{"line":6,"column":38}},"6":{"start":{"line":7,"column":0},"end":{"line":7,"column":10}},"7":{"start":{"line":8,"column":0},"end":{"line":8,"column":39}},"8":{"start":{"line":9,"column":0},"end":{"line":9,"column":37}},"9":{"start":{"line":10,"column":0},"end":{"line":10,"column":43}},"10":{"start":{"line":11,"column":0},"end":{"line":11,"column":22}},"11":{"start":{"line":12,"column":0},"end":{"line":12,"column":10}},"12":{"start":{"line":13,"column":0},"end":{"line":13,"column":4}},"13":{"start":{"line":14,"column":0},"end":{"line":14,"column":1}}},"s":{"0":0,"1":0,"2":0,"3":0,"4":0,"5":0,"6":0,"7":0,"8":0,"9":0,"10":0,"11":0,"12":0,"13":0},"branchMap":{"0":{"type":"branch","line":1,"loc":{"start":{"line":1,"column":0},"end":{"line":14,"column":1}},"locations":[{"start":{"line":1,"column":0},"end":{"line":14,"column":1}}]}},"b":{"0":[0]},"fnMap":{"0":{"name":"(empty-report)","decl":{"start":{"line":1,"column":0},"end":{"line":14,"column":1}},"loc":{"start":{"line":1,"column":0},"end":{"line":14,"column":1}},"line":1}},"f":{"0":0}}
,"E:\\learning\\react\\rs_school\\React project setup\\src\\pages\\AboutPage.tsx": {"path":"E:\\learning\\react\\rs_school\\React project setup\\src\\pages\\AboutPage.tsx","all":false,"statementMap":{"0":{"start":{"line":1,"column":0},"end":{"line":1,"column":39}},"2":{"start":{"line":3,"column":0},"end":{"line":3,"column":37}},"3":{"start":{"line":4,"column":0},"end":{"line":4,"column":10}},"4":{"start":{"line":5,"column":0},"end":{"line":5,"column":38}},"5":{"start":{"line":6,"column":0},"end":{"line":6,"column":32}},"6":{"start":{"line":7,"column":0},"end":{"line":7,"column":50}},"7":{"start":{"line":8,"column":0},"end":{"line":8,"column":76}},"8":{"start":{"line":9,"column":0},"end":{"line":9,"column":10}},"10":{"start":{"line":11,"column":0},"end":{"line":11,"column":1}}},"s":{"0":1,"2":2,"3":2,"4":2,"5":2,"6":2,"7":2,"8":2,"10":2},"branchMap":{"0":{"type":"branch","line":3,"loc":{"start":{"line":3,"column":0},"end":{"line":11,"column":1}},"locations":[{"start":{"line":3,"column":0},"end":{"line":11,"column":1}}]}},"b":{"0":[2]},"fnMap":{"0":{"name":"AboutPage","decl":{"start":{"line":3,"column":0},"end":{"line":11,"column":1}},"loc":{"start":{"line":3,"column":0},"end":{"line":11,"column":1}},"line":3}},"f":{"0":2}}
,"E:\\learning\\react\\rs_school\\React project setup\\src\\pages\\CharacterPage.tsx": {"path":"E:\\learning\\react\\rs_school\\React project setup\\src\\pages\\CharacterPage.tsx","all":false,"statementMap":{"0":{"start":{"line":1,"column":0},"end":{"line":1,"column":31}},"1":{"start":{"line":2,"column":0},"end":{"line":2,"column":64}},"3":{"start":{"line":4,"column":0},"end":{"line":4,"column":39}},"4":{"start":{"line":5,"column":0},"end":{"line":5,"column":64}},"5":{"start":{"line":6,"column":0},"end":{"line":6,"column":49}},"6":{"start":{"line":7,"column":0},"end":{"line":7,"column":55}},"7":{"start":{"line":8,"column":0},"end":{"line":8,"column":60}},"9":{"start":{"line":10,"column":0},"end":{"line":10,"column":41}},"10":{"start":{"line":11,"column":0},"end":{"line":11,"column":55}},"12":{"start":{"line":13,"column":0},"end":{"line":13,"column":29}},"13":{"start":{"line":14,"column":0},"end":{"line":14,"column":43}},"14":{"start":{"line":15,"column":0},"end":{"line":15,"column":57}},"16":{"start":{"line":17,"column":0},"end":{"line":17,"column":59}},"18":{"start":{"line":19,"column":0},"end":{"line":19,"column":61}},"20":{"start":{"line":21,"column":0},"end":{"line":21,"column":10}},"21":{"start":{"line":22,"column":0},"end":{"line":22,"column":60}},"22":{"start":{"line":23,"column":0},"end":{"line":23,"column":16}},"23":{"start":{"line":24,"column":0},"end":{"line":24,"column":37}},"24":{"start":{"line":25,"column":0},"end":{"line":25,"column":23}},"25":{"start":{"line":26,"column":0},"end":{"line":26,"column":29}},"27":{"start":{"line":28,"column":0},"end":{"line":28,"column":22}},"28":{"start":{"line":29,"column":0},"end":{"line":29,"column":12}},"29":{"start":{"line":30,"column":0},"end":{"line":30,"column":56}},"30":{"start":{"line":31,"column":0},"end":{"line":31,"column":52}},"31":{"start":{"line":32,"column":0},"end":{"line":32,"column":49}},"32":{"start":{"line":33,"column":0},"end":{"line":33,"column":18}},"33":{"start":{"line":34,"column":0},"end":{"line":34,"column":13}},"36":{"start":{"line":37,"column":0},"end":{"line":37,"column":62}},"38":{"start":{"line":39,"column":0},"end":{"line":39,"column":13}},"39":{"start":{"line":40,"column":0},"end":{"line":40,"column":10}},"41":{"start":{"line":42,"column":0},"end":{"line":42,"column":1}}},"s":{"0":1,"1":1,"3":1,"4":1,"5":1,"6":1,"7":1,"9":3,"10":3,"12":3,"13":3,"14":3,"16":3,"18":3,"20":3,"21":3,"22":3,"23":1,"24":2,"25":1,"27":1,"28":1,"29":1,"30":1,"31":1,"32":1,"33":1,"36":3,"38":3,"39":3,"41":3},"branchMap":{"0":{"type":"branch","line":10,"loc":{"start":{"line":10,"column":0},"end":{"line":42,"column":1}},"locations":[{"start":{"line":10,"column":0},"end":{"line":42,"column":1}}]},"1":{"type":"branch","line":15,"loc":{"start":{"line":15,"column":47},"end":{"line":15,"column":55}},"locations":[{"start":{"line":15,"column":47},"end":{"line":15,"column":55}}]},"2":{"type":"branch","line":23,"loc":{"start":{"line":23,"column":7},"end":{"line":24,"column":37}},"locations":[{"start":{"line":23,"column":7},"end":{"line":24,"column":37}}]},"3":{"type":"branch","line":24,"loc":{"start":{"line":24,"column":35},"end":{"line":34,"column":13}},"locations":[{"start":{"line":24,"column":35},"end":{"line":34,"column":13}}]},"4":{"type":"branch","line":25,"loc":{"start":{"line":25,"column":10},"end":{"line":26,"column":29}},"locations":[{"start":{"line":25,"column":10},"end":{"line":26,"column":29}}]},"5":{"type":"branch","line":26,"loc":{"start":{"line":26,"column":23},"end":{"line":34,"column":13}},"locations":[{"start":{"line":26,"column":23},"end":{"line":34,"column":13}}]}},"b":{"0":[3],"1":[0],"2":[1],"3":[2],"4":[1],"5":[1]},"fnMap":{"0":{"name":"CharacterPage","decl":{"start":{"line":10,"column":0},"end":{"line":42,"column":1}},"loc":{"start":{"line":10,"column":0},"end":{"line":42,"column":1}},"line":10}},"f":{"0":3}}
,"E:\\learning\\react\\rs_school\\React project setup\\src\\pages\\ErrorPage.tsx": {"path":"E:\\learning\\react\\rs_school\\React project setup\\src\\pages\\ErrorPage.tsx","all":false,"statementMap":{"0":{"start":{"line":1,"column":0},"end":{"line":1,"column":67}},"2":{"start":{"line":3,"column":0},"end":{"line":3,"column":39}},"4":{"start":{"line":5,"column":0},"end":{"line":5,"column":37}},"5":{"start":{"line":6,"column":0},"end":{"line":6,"column":32}},"7":{"start":{"line":8,"column":0},"end":{"line":8,"column":30}},"8":{"start":{"line":9,"column":0},"end":{"line":9,"column":39}},"10":{"start":{"line":11,"column":0},"end":{"line":11,"column":36}},"11":{"start":{"line":12,"column":0},"end":{"line":12,"column":31}},"12":{"start":{"line":13,"column":0},"end":{"line":13,"column":63}},"13":{"start":{"line":14,"column":0},"end":{"line":14,"column":38}},"14":{"start":{"line":15,"column":0},"end":{"line":15,"column":27}},"15":{"start":{"line":16,"column":0},"end":{"line":16,"column":42}},"16":{"start":{"line":17,"column":0},"end":{"line":17,"column":5}},"17":{"start":{"line":18,"column":0},"end":{"line":18,"column":38}},"18":{"start":{"line":19,"column":0},"end":{"line":19,"column":28}},"19":{"start":{"line":20,"column":0},"end":{"line":20,"column":3}},"21":{"start":{"line":22,"column":0},"end":{"line":22,"column":23}},"23":{"start":{"line":24,"column":0},"end":{"line":24,"column":10}},"24":{"start":{"line":25,"column":0},"end":{"line":25,"column":38}},"25":{"start":{"line":26,"column":0},"end":{"line":26,"column":22}},"26":{"start":{"line":27,"column":0},"end":{"line":27,"column":22}},"27":{"start":{"line":28,"column":0},"end":{"line":28,"column":10}},"29":{"start":{"line":30,"column":0},"end":{"line":30,"column":1}}},"s":{"0":1,"2":1,"4":3,"5":3,"7":3,"8":3,"10":3,"11":2,"12":1,"13":1,"14":1,"15":1,"16":1,"17":3,"18":1,"19":1,"21":3,"23":3,"24":3,"25":3,"26":3,"27":3,"29":3},"branchMap":{"0":{"type":"branch","line":5,"loc":{"start":{"line":5,"column":0},"end":{"line":30,"column":1}},"locations":[{"start":{"line":5,"column":0},"end":{"line":30,"column":1}}]},"1":{"type":"branch","line":11,"loc":{"start":{"line":11,"column":35},"end":{"line":18,"column":13}},"locations":[{"start":{"line":11,"column":35},"end":{"line":18,"column":13}}]},"2":{"type":"branch","line":12,"loc":{"start":{"line":12,"column":30},"end":{"line":17,"column":5}},"locations":[{"start":{"line":12,"column":30},"end":{"line":17,"column":5}}]},"3":{"type":"branch","line":18,"loc":{"start":{"line":18,"column":2},"end":{"line":20,"column":3}},"locations":[{"start":{"line":18,"column":2},"end":{"line":20,"column":3}}]}},"b":{"0":[3],"1":[2],"2":[1],"3":[1]},"fnMap":{"0":{"name":"ErrorPage","decl":{"start":{"line":5,"column":0},"end":{"line":30,"column":1}},"loc":{"start":{"line":5,"column":0},"end":{"line":30,"column":1}},"line":5}},"f":{"0":3}}
,"E:\\learning\\react\\rs_school\\React project setup\\src\\pages\\MainPage.tsx": {"path":"E:\\learning\\react\\rs_school\\React project setup\\src\\pages\\MainPage.tsx","all":false,"statementMap":{"0":{"start":{"line":1,"column":0},"end":{"line":1,"column":36}},"1":{"start":{"line":2,"column":0},"end":{"line":2,"column":49}},"2":{"start":{"line":3,"column":0},"end":{"line":3,"column":64}},"3":{"start":{"line":4,"column":0},"end":{"line":4,"column":52}},"4":{"start":{"line":5,"column":0},"end":{"line":5,"column":49}},"5":{"start":{"line":6,"column":0},"end":{"line":6,"column":55}},"6":{"start":{"line":7,"column":0},"end":{"line":7,"column":61}},"7":{"start":{"line":8,"column":0},"end":{"line":8,"column":55}},"9":{"start":{"line":10,"column":0},"end":{"line":10,"column":39}},"10":{"start":{"line":11,"column":0},"end":{"line":11,"column":70}},"11":{"start":{"line":12,"column":0},"end":{"line":12,"column":51}},"13":{"start":{"line":14,"column":0},"end":{"line":14,"column":36}},"14":{"start":{"line":15,"column":0},"end":{"line":15,"column":60}},"15":{"start":{"line":16,"column":0},"end":{"line":16,"column":57}},"17":{"start":{"line":18,"column":0},"end":{"line":18,"column":55}},"18":{"start":{"line":19,"column":0},"end":{"line":19,"column":18}},"19":{"start":{"line":20,"column":0},"end":{"line":20,"column":21}},"20":{"start":{"line":21,"column":0},"end":{"line":21,"column":5}},"22":{"start":{"line":23,"column":0},"end":{"line":23,"column":70}},"23":{"start":{"line":24,"column":0},"end":{"line":24,"column":15}},"24":{"start":{"line":25,"column":0},"end":{"line":25,"column":9}},"25":{"start":{"line":26,"column":0},"end":{"line":26,"column":5}},"27":{"start":{"line":28,"column":0},"end":{"line":28,"column":39}},"28":{"start":{"line":29,"column":0},"end":{"line":29,"column":26}},"29":{"start":{"line":30,"column":0},"end":{"line":30,"column":24}},"30":{"start":{"line":31,"column":0},"end":{"line":31,"column":67}},"31":{"start":{"line":32,"column":0},"end":{"line":32,"column":47}},"32":{"start":{"line":33,"column":0},"end":{"line":33,"column":32}},"33":{"start":{"line":34,"column":0},"end":{"line":34,"column":7}},"34":{"start":{"line":35,"column":0},"end":{"line":35,"column":6}},"35":{"start":{"line":36,"column":0},"end":{"line":36,"column":21}},"36":{"start":{"line":37,"column":0},"end":{"line":37,"column":4}},"38":{"start":{"line":39,"column":0},"end":{"line":39,"column":48}},"39":{"start":{"line":40,"column":0},"end":{"line":40,"column":24}},"40":{"start":{"line":41,"column":0},"end":{"line":41,"column":34}},"41":{"start":{"line":42,"column":0},"end":{"line":42,"column":3}},"43":{"start":{"line":44,"column":0},"end":{"line":44,"column":10}},"44":{"start":{"line":45,"column":0},"end":{"line":45,"column":40}},"45":{"start":{"line":46,"column":0},"end":{"line":46,"column":39}},"46":{"start":{"line":47,"column":0},"end":{"line":47,"column":67}},"48":{"start":{"line":49,"column":0},"end":{"line":49,"column":18}},"49":{"start":{"line":50,"column":0},"end":{"line":50,"column":39}},"50":{"start":{"line":51,"column":0},"end":{"line":51,"column":25}},"51":{"start":{"line":52,"column":0},"end":{"line":52,"column":21}},"53":{"start":{"line":54,"column":0},"end":{"line":54,"column":12}},"54":{"start":{"line":55,"column":0},"end":{"line":55,"column":58}},"55":{"start":{"line":56,"column":0},"end":{"line":56,"column":29}},"56":{"start":{"line":57,"column":0},"end":{"line":57,"column":13}},"58":{"start":{"line":59,"column":0},"end":{"line":59,"column":42}},"59":{"start":{"line":60,"column":0},"end":{"line":60,"column":21}},"60":{"start":{"line":61,"column":0},"end":{"line":61,"column":23}},"61":{"start":{"line":62,"column":0},"end":{"line":62,"column":35}},"62":{"start":{"line":63,"column":0},"end":{"line":63,"column":39}},"63":{"start":{"line":64,"column":0},"end":{"line":64,"column":12}},"65":{"start":{"line":66,"column":0},"end":{"line":66,"column":12}},"66":{"start":{"line":67,"column":0},"end":{"line":67,"column":16}},"67":{"start":{"line":68,"column":0},"end":{"line":68,"column":10}},"69":{"start":{"line":70,"column":0},"end":{"line":70,"column":1}}},"s":{"0":1,"1":1,"2":1,"3":1,"4":1,"5":1,"6":1,"7":1,"9":1,"10":1,"11":1,"13":5,"14":5,"15":5,"17":5,"18":5,"19":5,"20":5,"22":5,"23":5,"24":5,"25":5,"27":5,"28":5,"29":0,"30":0,"31":0,"32":0,"33":0,"34":0,"35":5,"36":5,"38":5,"39":0,"40":0,"41":0,"43":5,"44":5,"45":5,"46":5,"48":5,"49":1,"50":4,"51":3,"53":1,"54":1,"55":1,"56":1,"58":5,"59":1,"60":1,"61":1,"62":1,"63":1,"65":5,"66":5,"67":5,"69":5},"branchMap":{"0":{"type":"branch","line":14,"loc":{"start":{"line":14,"column":0},"end":{"line":70,"column":1}},"locations":[{"start":{"line":14,"column":0},"end":{"line":70,"column":1}}]},"1":{"type":"branch","line":49,"loc":{"start":{"line":49,"column":9},"end":{"line":50,"column":39}},"locations":[{"start":{"line":49,"column":9},"end":{"line":50,"column":39}}]},"2":{"type":"branch","line":50,"loc":{"start":{"line":50,"column":37},"end":{"line":57,"column":13}},"locations":[{"start":{"line":50,"column":37},"end":{"line":57,"column":13}}]},"3":{"type":"branch","line":51,"loc":{"start":{"line":51,"column":12},"end":{"line":52,"column":21}},"locations":[{"start":{"line":51,"column":12},"end":{"line":52,"column":21}}]},"4":{"type":"branch","line":52,"loc":{"start":{"line":52,"column":19},"end":{"line":57,"column":13}},"locations":[{"start":{"line":52,"column":19},"end":{"line":57,"column":13}}]},"5":{"type":"branch","line":59,"loc":{"start":{"line":59,"column":9},"end":{"line":59,"column":42}},"locations":[{"start":{"line":59,"column":9},"end":{"line":59,"column":42}}]},"6":{"type":"branch","line":59,"loc":{"start":{"line":59,"column":36},"end":{"line":64,"column":12}},"locations":[{"start":{"line":59,"column":36},"end":{"line":64,"column":12}}]}},"b":{"0":[5],"1":[1],"2":[4],"3":[3],"4":[1],"5":[1],"6":[1]},"fnMap":{"0":{"name":"MainPage","decl":{"start":{"line":14,"column":0},"end":{"line":70,"column":1}},"loc":{"start":{"line":14,"column":0},"end":{"line":70,"column":1}},"line":14},"1":{"name":"handleSearchChange","decl":{"start":{"line":39,"column":2},"end":{"line":42,"column":3}},"loc":{"start":{"line":39,"column":2},"end":{"line":42,"column":3}},"line":39}},"f":{"0":5,"1":0}}
,"E:\\learning\\react\\rs_school\\React project setup\\src\\routes\\index.tsx": {"path":"E:\\learning\\react\\rs_school\\React project setup\\src\\routes\\index.tsx","all":true,"statementMap":{"0":{"start":{"line":1,"column":0},"end":{"line":1,"column":51}},"1":{"start":{"line":2,"column":0},"end":{"line":2,"column":41}},"2":{"start":{"line":3,"column":0},"end":{"line":3,"column":43}},"3":{"start":{"line":4,"column":0},"end":{"line":4,"column":51}},"4":{"start":{"line":5,"column":0},"end":{"line":5,"column":43}},"5":{"start":{"line":6,"column":0},"end":{"line":6,"column":38}},"6":{"start":{"line":7,"column":0},"end":{"line":7,"column":0}},"7":{"start":{"line":8,"column":0},"end":{"line":8,"column":36}},"8":{"start":{"line":9,"column":0},"end":{"line":9,"column":3}},"9":{"start":{"line":10,"column":0},"end":{"line":10,"column":14}},"10":{"start":{"line":11,"column":0},"end":{"line":11,"column":24}},"11":{"start":{"line":12,"column":0},"end":{"line":12,"column":32}},"12":{"start":{"line":13,"column":0},"end":{"line":13,"column":15}},"13":{"start":{"line":14,"column":0},"end":{"line":14,"column":7}},"14":{"start":{"line":15,"column":0},"end":{"line":15,"column":17}},"15":{"start":{"line":16,"column":0},"end":{"line":16,"column":30}},"16":{"start":{"line":17,"column":0},"end":{"line":17,"column":19}},"17":{"start":{"line":18,"column":0},"end":{"line":18,"column":11}},"18":{"start":{"line":19,"column":0},"end":{"line":19,"column":34}},"19":{"start":{"line":20,"column":0},"end":{"line":20,"column":39}},"20":{"start":{"line":21,"column":0},"end":{"line":21,"column":12}},"21":{"start":{"line":22,"column":0},"end":{"line":22,"column":10}},"22":{"start":{"line":23,"column":0},"end":{"line":23,"column":8}},"23":{"start":{"line":24,"column":0},"end":{"line":24,"column":49}},"24":{"start":{"line":25,"column":0},"end":{"line":25,"column":6}},"25":{"start":{"line":26,"column":0},"end":{"line":26,"column":4}},"26":{"start":{"line":27,"column":0},"end":{"line":27,"column":3}},"27":{"start":{"line":28,"column":0},"end":{"line":28,"column":0}},"28":{"start":{"line":29,"column":0},"end":{"line":29,"column":22}}},"s":{"0":0,"1":0,"2":0,"3":0,"4":0,"5":0,"6":0,"7":0,"8":0,"9":0,"10":0,"11":0,"12":0,"13":0,"14":0,"15":0,"16":0,"17":0,"18":0,"19":0,"20":0,"21":0,"22":0,"23":0,"24":0,"25":0,"26":0,"27":0,"28":0},"branchMap":{"0":{"type":"branch","line":1,"loc":{"start":{"line":1,"column":0},"end":{"line":29,"column":22}},"locations":[{"start":{"line":1,"column":0},"end":{"line":29,"column":22}}]}},"b":{"0":[0]},"fnMap":{"0":{"name":"(empty-report)","decl":{"start":{"line":1,"column":0},"end":{"line":29,"column":22}},"loc":{"start":{"line":1,"column":0},"end":{"line":29,"column":22}},"line":1}},"f":{"0":0}}
,"E:\\learning\\react\\rs_school\\React project setup\\src\\store\\selectedCharacters.ts": {"path":"E:\\learning\\react\\rs_school\\React project setup\\src\\store\\selectedCharacters.ts","all":false,"statementMap":{"0":{"start":{"line":1,"column":0},"end":{"line":1,"column":33}},"9":{"start":{"line":10,"column":0},"end":{"line":10,"column":78}},"10":{"start":{"line":11,"column":0},"end":{"line":11,"column":25}},"11":{"start":{"line":12,"column":0},"end":{"line":12,"column":58}},"12":{"start":{"line":13,"column":0},"end":{"line":13,"column":45}},"13":{"start":{"line":14,"column":0},"end":{"line":14,"column":60}},"14":{"start":{"line":15,"column":0},"end":{"line":15,"column":11}},"15":{"start":{"line":16,"column":0},"end":{"line":16,"column":80}},"16":{"start":{"line":17,"column":0},"end":{"line":17,"column":9}},"17":{"start":{"line":18,"column":0},"end":{"line":18,"column":12}},"18":{"start":{"line":19,"column":0},"end":{"line":19,"column":62}},"19":{"start":{"line":20,"column":0},"end":{"line":20,"column":5}},"20":{"start":{"line":21,"column":0},"end":{"line":21,"column":4}},"21":{"start":{"line":22,"column":0},"end":{"line":22,"column":22}},"22":{"start":{"line":23,"column":0},"end":{"line":23,"column":36}},"23":{"start":{"line":24,"column":0},"end":{"line":24,"column":4}},"24":{"start":{"line":25,"column":0},"end":{"line":25,"column":4}},"26":{"start":{"line":27,"column":0},"end":{"line":27,"column":37}}},"s":{"0":1,"9":1,"10":3,"11":3,"12":3,"13":3,"14":0,"15":0,"16":0,"17":3,"18":3,"19":3,"20":3,"21":3,"22":1,"23":1,"24":1,"26":1},"branchMap":{"0":{"type":"branch","line":10,"loc":{"start":{"line":10,"column":62},"end":{"line":25,"column":2}},"locations":[{"start":{"line":10,"column":62},"end":{"line":25,"column":2}}]},"1":{"type":"branch","line":12,"loc":{"start":{"line":12,"column":28},"end":{"line":21,"column":4}},"locations":[{"start":{"line":12,"column":28},"end":{"line":21,"column":4}}]},"2":{"type":"branch","line":14,"loc":{"start":{"line":14,"column":59},"end":{"line":18,"column":11}},"locations":[{"start":{"line":14,"column":59},"end":{"line":18,"column":11}}]},"3":{"type":"branch","line":22,"loc":{"start":{"line":22,"column":15},"end":{"line":24,"column":4}},"locations":[{"start":{"line":22,"column":15},"end":{"line":24,"column":4}}]}},"b":{"0":[3],"1":[3],"2":[0],"3":[1]},"fnMap":{"0":{"name":"updateSelectedCharacters","decl":{"start":{"line":12,"column":28},"end":{"line":21,"column":4}},"loc":{"start":{"line":12,"column":28},"end":{"line":21,"column":4}},"line":12},"1":{"name":"unselectAll","decl":{"start":{"line":22,"column":15},"end":{"line":24,"column":4}},"loc":{"start":{"line":22,"column":15},"end":{"line":24,"column":4}},"line":22}},"f":{"0":3,"1":1}}
,"E:\\learning\\react\\rs_school\\React project setup\\src\\utils\\character.ts": {"path":"E:\\learning\\react\\rs_school\\React project setup\\src\\utils\\character.ts","all":false,"statementMap":{"2":{"start":{"line":3,"column":0},"end":{"line":3,"column":62}},"3":{"start":{"line":4,"column":0},"end":{"line":4,"column":34}},"4":{"start":{"line":5,"column":0},"end":{"line":5,"column":12}},"5":{"start":{"line":6,"column":0},"end":{"line":6,"column":20}},"6":{"start":{"line":7,"column":0},"end":{"line":7,"column":70}},"7":{"start":{"line":8,"column":0},"end":{"line":8,"column":5}},"8":{"start":{"line":9,"column":0},"end":{"line":9,"column":54}},"9":{"start":{"line":10,"column":0},"end":{"line":10,"column":16}},"10":{"start":{"line":11,"column":0},"end":{"line":11,"column":1}}},"s":{"2":1,"3":1,"4":1,"5":1,"6":3,"7":1,"8":1,"9":1,"10":1},"branchMap":{"0":{"type":"branch","line":3,"loc":{"start":{"line":3,"column":7},"end":{"line":11,"column":1}},"locations":[{"start":{"line":3,"column":7},"end":{"line":11,"column":1}}]},"1":{"type":"branch","line":6,"loc":{"start":{"line":6,"column":6},"end":{"line":7,"column":70}},"locations":[{"start":{"line":6,"column":6},"end":{"line":7,"column":70}}]},"2":{"type":"branch","line":9,"loc":{"start":{"line":9,"column":9},"end":{"line":9,"column":53}},"locations":[{"start":{"line":9,"column":9},"end":{"line":9,"column":53}}]},"3":{"type":"branch","line":9,"loc":{"start":{"line":9,"column":40},"end":{"line":9,"column":51}},"locations":[{"start":{"line":9,"column":40},"end":{"line":9,"column":51}}]}},"b":{"0":[1],"1":[3],"2":[3],"3":[0]},"fnMap":{"0":{"name":"formatCharacterDetails","decl":{"start":{"line":3,"column":7},"end":{"line":11,"column":1}},"loc":{"start":{"line":3,"column":7},"end":{"line":11,"column":1}},"line":3}},"f":{"0":1}}
,"E:\\learning\\react\\rs_school\\React project setup\\src\\utils\\const.ts": {"path":"E:\\learning\\react\\rs_school\\React project setup\\src\\utils\\const.ts","all":false,"statementMap":{"0":{"start":{"line":1,"column":0},"end":{"line":1,"column":29}}},"s":{"0":1},"branchMap":{},"b":{},"fnMap":{},"f":{}}
,"E:\\learning\\react\\rs_school\\React project setup\\src\\utils\\csv.ts": {"path":"E:\\learning\\react\\rs_school\\React project setup\\src\\utils\\csv.ts","all":false,"statementMap":{"2":{"start":{"line":3,"column":0},"end":{"line":3,"column":49}},"3":{"start":{"line":4,"column":0},"end":{"line":4,"column":28}},"5":{"start":{"line":6,"column":0},"end":{"line":6,"column":66}},"6":{"start":{"line":7,"column":0},"end":{"line":7,"column":64}},"7":{"start":{"line":8,"column":0},"end":{"line":8,"column":5}},"8":{"start":{"line":9,"column":0},"end":{"line":9,"column":10}},"9":{"start":{"line":10,"column":0},"end":{"line":10,"column":11}},"10":{"start":{"line":11,"column":0},"end":{"line":11,"column":13}},"11":{"start":{"line":12,"column":0},"end":{"line":12,"column":18}},"12":{"start":{"line":13,"column":0},"end":{"line":13,"column":51}},"13":{"start":{"line":14,"column":0},"end":{"line":14,"column":5}},"14":{"start":{"line":15,"column":0},"end":{"line":15,"column":55}},"15":{"start":{"line":16,"column":0},"end":{"line":16,"column":16}},"16":{"start":{"line":17,"column":0},"end":{"line":17,"column":4}},"18":{"start":{"line":19,"column":0},"end":{"line":19,"column":61}},"19":{"start":{"line":20,"column":0},"end":{"line":20,"column":75}},"21":{"start":{"line":22,"column":0},"end":{"line":22,"column":47}},"22":{"start":{"line":23,"column":0},"end":{"line":23,"column":43}},"23":{"start":{"line":24,"column":0},"end":{"line":24,"column":40}},"24":{"start":{"line":25,"column":0},"end":{"line":25,"column":42}},"25":{"start":{"line":26,"column":0},"end":{"line":26,"column":34}},"26":{"start":{"line":27,"column":0},"end":{"line":27,"column":15}},"27":{"start":{"line":28,"column":0},"end":{"line":28,"column":34}},"28":{"start":{"line":29,"column":0},"end":{"line":29,"column":1}}},"s":{"2":1,"3":1,"5":1,"6":1,"7":1,"8":1,"9":1,"10":1,"11":1,"12":1,"13":1,"14":1,"15":1,"16":1,"18":1,"19":1,"21":1,"22":1,"23":1,"24":1,"25":1,"26":1,"27":1,"28":1},"branchMap":{"0":{"type":"branch","line":3,"loc":{"start":{"line":3,"column":7},"end":{"line":29,"column":1}},"locations":[{"start":{"line":3,"column":7},"end":{"line":29,"column":1}}]},"1":{"type":"branch","line":4,"loc":{"start":{"line":4,"column":21},"end":{"line":4,"column":28}},"locations":[{"start":{"line":4,"column":21},"end":{"line":4,"column":28}}]},"2":{"type":"branch","line":7,"loc":{"start":{"line":7,"column":25},"end":{"line":16,"column":16}},"locations":[{"start":{"line":7,"column":25},"end":{"line":16,"column":16}}]},"3":{"type":"branch","line":15,"loc":{"start":{"line":15,"column":11},"end":{"line":15,"column":54}},"locations":[{"start":{"line":15,"column":11},"end":{"line":15,"column":54}}]}},"b":{"0":[1],"1":[0],"2":[1],"3":[5]},"fnMap":{"0":{"name":"downloadCSV","decl":{"start":{"line":3,"column":7},"end":{"line":29,"column":1}},"loc":{"start":{"line":3,"column":7},"end":{"line":29,"column":1}},"line":3}},"f":{"0":1}}
}
