{"E:\\learning\\react\\rs_school\\React project setup\\src\\main.tsx": {"path":"E:\\learning\\react\\rs_school\\React project setup\\src\\main.tsx","all":true,"statementMap":{"0":{"start":{"line":1,"column":0},"end":{"line":1,"column":35}},"1":{"start":{"line":2,"column":0},"end":{"line":2,"column":46}},"2":{"start":{"line":3,"column":0},"end":{"line":3,"column":21}},"3":{"start":{"line":4,"column":0},"end":{"line":4,"column":46}},"4":{"start":{"line":5,"column":0},"end":{"line":5,"column":30}},"5":{"start":{"line":6,"column":0},"end":{"line":6,"column":0}},"6":{"start":{"line":7,"column":0},"end":{"line":7,"column":68}},"7":{"start":{"line":8,"column":0},"end":{"line":8,"column":52}},"8":{"start":{"line":9,"column":0},"end":{"line":9,"column":14}},"9":{"start":{"line":10,"column":0},"end":{"line":10,"column":38}},"10":{"start":{"line":11,"column":0},"end":{"line":11,"column":15}},"11":{"start":{"line":12,"column":0},"end":{"line":12,"column":2}}},"s":{"0":0,"1":0,"2":0,"3":0,"4":0,"5":0,"6":0,"7":0,"8":0,"9":0,"10":0,"11":0},"branchMap":{"0":{"type":"branch","line":1,"loc":{"start":{"line":1,"column":0},"end":{"line":12,"column":2}},"locations":[{"start":{"line":1,"column":0},"end":{"line":12,"column":2}}]}},"b":{"0":[0]},"fnMap":{"0":{"name":"(empty-report)","decl":{"start":{"line":1,"column":0},"end":{"line":12,"column":2}},"loc":{"start":{"line":1,"column":0},"end":{"line":12,"column":2}},"line":1}},"f":{"0":0}}
,"E:\\learning\\react\\rs_school\\React project setup\\src\\api\\startrek.ts": {"path":"E:\\learning\\react\\rs_school\\React project setup\\src\\api\\startrek.ts","all":false,"statementMap":{"0":{"start":{"line":1,"column":0},"end":{"line":1,"column":44}},"2":{"start":{"line":3,"column":0},"end":{"line":3,"column":58}},"9":{"start":{"line":10,"column":0},"end":{"line":10,"column":37}},"10":{"start":{"line":11,"column":0},"end":{"line":11,"column":18}},"11":{"start":{"line":12,"column":0},"end":{"line":12,"column":11}},"12":{"start":{"line":13,"column":0},"end":{"line":13,"column":26}},"13":{"start":{"line":14,"column":0},"end":{"line":14,"column":68}},"15":{"start":{"line":16,"column":0},"end":{"line":16,"column":31}},"16":{"start":{"line":17,"column":0},"end":{"line":17,"column":67}},"17":{"start":{"line":18,"column":0},"end":{"line":18,"column":5}},"18":{"start":{"line":19,"column":0},"end":{"line":19,"column":21}},"19":{"start":{"line":20,"column":0},"end":{"line":20,"column":17}},"20":{"start":{"line":21,"column":0},"end":{"line":21,"column":16}},"21":{"start":{"line":22,"column":0},"end":{"line":22,"column":60}},"22":{"start":{"line":23,"column":0},"end":{"line":23,"column":8}},"23":{"start":{"line":24,"column":0},"end":{"line":24,"column":5}},"24":{"start":{"line":25,"column":0},"end":{"line":25,"column":4}},"26":{"start":{"line":27,"column":0},"end":{"line":27,"column":21}},"27":{"start":{"line":28,"column":0},"end":{"line":28,"column":62}},"28":{"start":{"line":29,"column":0},"end":{"line":29,"column":3}},"30":{"start":{"line":31,"column":0},"end":{"line":31,"column":39}},"32":{"start":{"line":33,"column":0},"end":{"line":33,"column":16}},"33":{"start":{"line":34,"column":0},"end":{"line":34,"column":1}},"34":{"start":{"line":35,"column":0},"end":{"line":35,"column":52}},"35":{"start":{"line":36,"column":0},"end":{"line":36,"column":56}},"37":{"start":{"line":38,"column":0},"end":{"line":38,"column":21}},"38":{"start":{"line":39,"column":0},"end":{"line":39,"column":62}},"39":{"start":{"line":40,"column":0},"end":{"line":40,"column":3}},"41":{"start":{"line":42,"column":0},"end":{"line":42,"column":39}},"43":{"start":{"line":44,"column":0},"end":{"line":44,"column":16}},"44":{"start":{"line":45,"column":0},"end":{"line":45,"column":1}}},"s":{"0":1,"2":1,"9":2,"10":2,"11":2,"12":2,"13":2,"15":2,"16":2,"17":2,"18":2,"19":2,"20":2,"21":2,"22":2,"23":2,"24":2,"26":2,"27":1,"28":1,"30":1,"32":1,"33":1,"34":2,"35":2,"37":2,"38":1,"39":1,"41":1,"43":1,"44":1},"branchMap":{"0":{"type":"branch","line":10,"loc":{"start":{"line":10,"column":0},"end":{"line":34,"column":1}},"locations":[{"start":{"line":10,"column":0},"end":{"line":34,"column":1}}]},"1":{"type":"branch","line":27,"loc":{"start":{"line":27,"column":20},"end":{"line":34,"column":1}},"locations":[{"start":{"line":27,"column":20},"end":{"line":34,"column":1}}]},"2":{"type":"branch","line":35,"loc":{"start":{"line":35,"column":0},"end":{"line":45,"column":1}},"locations":[{"start":{"line":35,"column":0},"end":{"line":45,"column":1}}]},"3":{"type":"branch","line":38,"loc":{"start":{"line":38,"column":20},"end":{"line":45,"column":1}},"locations":[{"start":{"line":38,"column":20},"end":{"line":45,"column":1}}]}},"b":{"0":[2],"1":[1],"2":[2],"3":[1]},"fnMap":{"0":{"name":"getCharacters","decl":{"start":{"line":10,"column":0},"end":{"line":34,"column":1}},"loc":{"start":{"line":10,"column":0},"end":{"line":34,"column":1}},"line":10},"1":{"name":"getCharacterById","decl":{"start":{"line":35,"column":0},"end":{"line":45,"column":1}},"loc":{"start":{"line":35,"column":0},"end":{"line":45,"column":1}},"line":35}},"f":{"0":2,"1":2}}
,"E:\\learning\\react\\rs_school\\React project setup\\src\\components\\ErrorResult\\ErrorResult.tsx": {"path":"E:\\learning\\react\\rs_school\\React project setup\\src\\components\\ErrorResult\\ErrorResult.tsx","all":false,"statementMap":{"0":{"start":{"line":1,"column":0},"end":{"line":1,"column":46}},"6":{"start":{"line":7,"column":0},"end":{"line":7,"column":66}},"7":{"start":{"line":8,"column":0},"end":{"line":8,"column":53}},"8":{"start":{"line":9,"column":0},"end":{"line":9,"column":1}}},"s":{"0":1,"6":4,"7":4,"8":4},"branchMap":{"0":{"type":"branch","line":7,"loc":{"start":{"line":7,"column":0},"end":{"line":9,"column":1}},"locations":[{"start":{"line":7,"column":0},"end":{"line":9,"column":1}}]}},"b":{"0":[4]},"fnMap":{"0":{"name":"ErrorResult","decl":{"start":{"line":7,"column":0},"end":{"line":9,"column":1}},"loc":{"start":{"line":7,"column":0},"end":{"line":9,"column":1}},"line":7}},"f":{"0":4}}
,"E:\\learning\\react\\rs_school\\React project setup\\src\\components\\Loading\\Loading.tsx": {"path":"E:\\learning\\react\\rs_school\\React project setup\\src\\components\\Loading\\Loading.tsx","all":false,"statementMap":{"0":{"start":{"line":1,"column":0},"end":{"line":1,"column":42}},"2":{"start":{"line":3,"column":0},"end":{"line":3,"column":35}},"3":{"start":{"line":4,"column":0},"end":{"line":4,"column":58}},"4":{"start":{"line":5,"column":0},"end":{"line":5,"column":1}}},"s":{"0":1,"2":4,"3":4,"4":4},"branchMap":{"0":{"type":"branch","line":3,"loc":{"start":{"line":3,"column":0},"end":{"line":5,"column":1}},"locations":[{"start":{"line":3,"column":0},"end":{"line":5,"column":1}}]}},"b":{"0":[4]},"fnMap":{"0":{"name":"Loading","decl":{"start":{"line":3,"column":0},"end":{"line":5,"column":1}},"loc":{"start":{"line":3,"column":0},"end":{"line":5,"column":1}},"line":3}},"f":{"0":4}}
,"E:\\learning\\react\\rs_school\\React project setup\\src\\components\\Pagination\\Pagination.tsx": {"path":"E:\\learning\\react\\rs_school\\React project setup\\src\\components\\Pagination\\Pagination.tsx","all":false,"statementMap":{"0":{"start":{"line":1,"column":0},"end":{"line":1,"column":45}},"8":{"start":{"line":9,"column":0},"end":{"line":9,"column":27}},"10":{"start":{"line":11,"column":0},"end":{"line":11,"column":36}},"11":{"start":{"line":12,"column":0},"end":{"line":12,"column":7}},"12":{"start":{"line":13,"column":0},"end":{"line":13,"column":13}},"13":{"start":{"line":14,"column":0},"end":{"line":14,"column":11}},"14":{"start":{"line":15,"column":0},"end":{"line":15,"column":21}},"15":{"start":{"line":16,"column":0},"end":{"line":16,"column":21}},"16":{"start":{"line":17,"column":0},"end":{"line":17,"column":22}},"18":{"start":{"line":19,"column":0},"end":{"line":19,"column":73}},"19":{"start":{"line":20,"column":0},"end":{"line":20,"column":15}},"20":{"start":{"line":21,"column":0},"end":{"line":21,"column":40}},"21":{"start":{"line":22,"column":0},"end":{"line":22,"column":24}},"22":{"start":{"line":23,"column":0},"end":{"line":23,"column":30}},"24":{"start":{"line":25,"column":0},"end":{"line":25,"column":10}},"25":{"start":{"line":26,"column":0},"end":{"line":26,"column":39}},"26":{"start":{"line":27,"column":0},"end":{"line":27,"column":20}},"27":{"start":{"line":28,"column":0},"end":{"line":28,"column":15}},"28":{"start":{"line":29,"column":0},"end":{"line":29,"column":17}},"29":{"start":{"line":30,"column":0},"end":{"line":30,"column":38}},"30":{"start":{"line":31,"column":0},"end":{"line":31,"column":37}},"31":{"start":{"line":32,"column":0},"end":{"line":32,"column":9}},"33":{"start":{"line":34,"column":0},"end":{"line":34,"column":17}},"35":{"start":{"line":36,"column":0},"end":{"line":36,"column":44}},"37":{"start":{"line":38,"column":0},"end":{"line":38,"column":58}},"38":{"start":{"line":39,"column":0},"end":{"line":39,"column":18}},"39":{"start":{"line":40,"column":0},"end":{"line":40,"column":30}},"40":{"start":{"line":41,"column":0},"end":{"line":41,"column":17}},"41":{"start":{"line":42,"column":0},"end":{"line":42,"column":35}},"42":{"start":{"line":43,"column":0},"end":{"line":43,"column":35}},"43":{"start":{"line":44,"column":0},"end":{"line":44,"column":55}},"45":{"start":{"line":46,"column":0},"end":{"line":46,"column":31}},"46":{"start":{"line":47,"column":0},"end":{"line":47,"column":19}},"47":{"start":{"line":48,"column":0},"end":{"line":48,"column":11}},"49":{"start":{"line":50,"column":0},"end":{"line":50,"column":71}},"50":{"start":{"line":51,"column":0},"end":{"line":51,"column":14}},"51":{"start":{"line":52,"column":0},"end":{"line":52,"column":15}},"53":{"start":{"line":54,"column":0},"end":{"line":54,"column":64}},"54":{"start":{"line":55,"column":0},"end":{"line":55,"column":25}},"55":{"start":{"line":56,"column":0},"end":{"line":56,"column":17}},"56":{"start":{"line":57,"column":0},"end":{"line":57,"column":35}},"57":{"start":{"line":58,"column":0},"end":{"line":58,"column":35}},"58":{"start":{"line":59,"column":0},"end":{"line":59,"column":55}},"60":{"start":{"line":61,"column":0},"end":{"line":61,"column":31}},"61":{"start":{"line":62,"column":0},"end":{"line":62,"column":19}},"63":{"start":{"line":64,"column":0},"end":{"line":64,"column":8}},"65":{"start":{"line":66,"column":0},"end":{"line":66,"column":57}},"67":{"start":{"line":68,"column":0},"end":{"line":68,"column":29}},"68":{"start":{"line":69,"column":0},"end":{"line":69,"column":15}},"69":{"start":{"line":70,"column":0},"end":{"line":70,"column":26}},"70":{"start":{"line":71,"column":0},"end":{"line":71,"column":38}},"71":{"start":{"line":72,"column":0},"end":{"line":72,"column":46}},"73":{"start":{"line":74,"column":0},"end":{"line":74,"column":22}},"74":{"start":{"line":75,"column":0},"end":{"line":75,"column":17}},"76":{"start":{"line":77,"column":0},"end":{"line":77,"column":10}},"78":{"start":{"line":79,"column":0},"end":{"line":79,"column":1}}},"s":{"0":1,"8":1,"10":8,"11":8,"12":8,"13":8,"14":8,"15":8,"16":8,"18":8,"19":8,"20":8,"21":3,"22":5,"24":8,"25":8,"26":8,"27":6,"28":6,"29":6,"30":6,"31":6,"33":6,"35":8,"37":8,"38":8,"39":8,"40":18,"41":18,"42":18,"43":18,"45":18,"46":18,"47":8,"49":8,"50":8,"51":8,"53":8,"54":8,"55":24,"56":24,"57":24,"58":24,"60":24,"61":24,"63":8,"65":8,"67":8,"68":7,"69":7,"70":7,"71":7,"73":7,"74":7,"76":8,"78":8},"branchMap":{"0":{"type":"branch","line":11,"loc":{"start":{"line":11,"column":0},"end":{"line":79,"column":1}},"locations":[{"start":{"line":11,"column":0},"end":{"line":79,"column":1}}]},"1":{"type":"branch","line":19,"loc":{"start":{"line":19,"column":26},"end":{"line":19,"column":64}},"locations":[{"start":{"line":19,"column":26},"end":{"line":19,"column":64}}]},"2":{"type":"branch","line":19,"loc":{"start":{"line":19,"column":45},"end":{"line":19,"column":73}},"locations":[{"start":{"line":19,"column":45},"end":{"line":19,"column":73}}]},"3":{"type":"branch","line":21,"loc":{"start":{"line":21,"column":24},"end":{"line":22,"column":24}},"locations":[{"start":{"line":21,"column":24},"end":{"line":22,"column":24}}]},"4":{"type":"branch","line":22,"loc":{"start":{"line":22,"column":8},"end":{"line":23,"column":30}},"locations":[{"start":{"line":22,"column":8},"end":{"line":23,"column":30}}]},"5":{"type":"branch","line":27,"loc":{"start":{"line":27,"column":14},"end":{"line":34,"column":17}},"locations":[{"start":{"line":27,"column":14},"end":{"line":34,"column":17}}]},"6":{"type":"branch","line":36,"loc":{"start":{"line":36,"column":33},"end":{"line":36,"column":44}},"locations":[{"start":{"line":36,"column":33},"end":{"line":36,"column":44}}]},"7":{"type":"branch","line":66,"loc":{"start":{"line":66,"column":46},"end":{"line":66,"column":57}},"locations":[{"start":{"line":66,"column":46},"end":{"line":66,"column":57}}]},"8":{"type":"branch","line":68,"loc":{"start":{"line":68,"column":14},"end":{"line":75,"column":17}},"locations":[{"start":{"line":68,"column":14},"end":{"line":75,"column":17}}]},"9":{"type":"branch","line":38,"loc":{"start":{"line":38,"column":42},"end":{"line":38,"column":57}},"locations":[{"start":{"line":38,"column":42},"end":{"line":38,"column":57}}]},"10":{"type":"branch","line":40,"loc":{"start":{"line":40,"column":13},"end":{"line":47,"column":19}},"locations":[{"start":{"line":40,"column":13},"end":{"line":47,"column":19}}]},"11":{"type":"branch","line":54,"loc":{"start":{"line":54,"column":43},"end":{"line":54,"column":58}},"locations":[{"start":{"line":54,"column":43},"end":{"line":54,"column":58}}]},"12":{"type":"branch","line":55,"loc":{"start":{"line":55,"column":8},"end":{"line":62,"column":19}},"locations":[{"start":{"line":55,"column":8},"end":{"line":62,"column":19}}]},"13":{"type":"branch","line":59,"loc":{"start":{"line":59,"column":21},"end":{"line":59,"column":55}},"locations":[{"start":{"line":59,"column":21},"end":{"line":59,"column":55}}]}},"b":{"0":[8],"1":[2],"2":[6],"3":[3],"4":[5],"5":[6],"6":[1],"7":[3],"8":[7],"9":[18],"10":[18],"11":[24],"12":[24],"13":[1]},"fnMap":{"0":{"name":"Pagination","decl":{"start":{"line":11,"column":0},"end":{"line":79,"column":1}},"loc":{"start":{"line":11,"column":0},"end":{"line":79,"column":1}},"line":11},"1":{"name":"onClick","decl":{"start":{"line":31,"column":19},"end":{"line":31,"column":37}},"loc":{"start":{"line":31,"column":19},"end":{"line":31,"column":37}},"line":31},"2":{"name":"onClick","decl":{"start":{"line":44,"column":21},"end":{"line":44,"column":55}},"loc":{"start":{"line":44,"column":21},"end":{"line":44,"column":55}},"line":44},"3":{"name":"onClick","decl":{"start":{"line":59,"column":21},"end":{"line":59,"column":55}},"loc":{"start":{"line":59,"column":21},"end":{"line":59,"column":55}},"line":59},"4":{"name":"onClick","decl":{"start":{"line":72,"column":19},"end":{"line":72,"column":46}},"loc":{"start":{"line":72,"column":19},"end":{"line":72,"column":46}},"line":72}},"f":{"0":8,"1":0,"2":0,"3":1,"4":0}}
,"E:\\learning\\react\\rs_school\\React project setup\\src\\components\\Result\\Result.tsx": {"path":"E:\\learning\\react\\rs_school\\React project setup\\src\\components\\Result\\Result.tsx","all":false,"statementMap":{"0":{"start":{"line":1,"column":0},"end":{"line":1,"column":36}},"3":{"start":{"line":4,"column":0},"end":{"line":4,"column":41}},"10":{"start":{"line":11,"column":0},"end":{"line":11,"column":67}},"11":{"start":{"line":12,"column":0},"end":{"line":12,"column":47}},"12":{"start":{"line":13,"column":0},"end":{"line":13,"column":71}},"13":{"start":{"line":14,"column":0},"end":{"line":14,"column":3}},"14":{"start":{"line":15,"column":0},"end":{"line":15,"column":10}},"15":{"start":{"line":16,"column":0},"end":{"line":16,"column":35}},"16":{"start":{"line":17,"column":0},"end":{"line":17,"column":38}},"17":{"start":{"line":18,"column":0},"end":{"line":18,"column":13}},"18":{"start":{"line":19,"column":0},"end":{"line":19,"column":29}},"19":{"start":{"line":20,"column":0},"end":{"line":20,"column":33}},"20":{"start":{"line":21,"column":0},"end":{"line":21,"column":57}},"22":{"start":{"line":23,"column":0},"end":{"line":23,"column":65}},"23":{"start":{"line":24,"column":0},"end":{"line":24,"column":15}},"24":{"start":{"line":25,"column":0},"end":{"line":25,"column":9}},"25":{"start":{"line":26,"column":0},"end":{"line":26,"column":10}},"27":{"start":{"line":28,"column":0},"end":{"line":28,"column":1}}},"s":{"0":1,"3":1,"10":7,"11":7,"12":4,"13":4,"14":3,"15":3,"16":3,"17":6,"18":6,"19":6,"20":6,"22":6,"23":6,"24":3,"25":3,"27":3},"branchMap":{"0":{"type":"branch","line":11,"loc":{"start":{"line":11,"column":0},"end":{"line":28,"column":1}},"locations":[{"start":{"line":11,"column":0},"end":{"line":28,"column":1}}]},"1":{"type":"branch","line":12,"loc":{"start":{"line":12,"column":46},"end":{"line":14,"column":3}},"locations":[{"start":{"line":12,"column":46},"end":{"line":14,"column":3}}]},"2":{"type":"branch","line":14,"loc":{"start":{"line":14,"column":2},"end":{"line":28,"column":1}},"locations":[{"start":{"line":14,"column":2},"end":{"line":28,"column":1}}]},"3":{"type":"branch","line":17,"loc":{"start":{"line":17,"column":22},"end":{"line":24,"column":15}},"locations":[{"start":{"line":17,"column":22},"end":{"line":24,"column":15}}]}},"b":{"0":[7],"1":[4],"2":[3],"3":[6]},"fnMap":{"0":{"name":"Result","decl":{"start":{"line":11,"column":0},"end":{"line":28,"column":1}},"loc":{"start":{"line":11,"column":0},"end":{"line":28,"column":1}},"line":11}},"f":{"0":7}}
,"E:\\learning\\react\\rs_school\\React project setup\\src\\components\\Search\\Search.tsx": {"path":"E:\\learning\\react\\rs_school\\React project setup\\src\\components\\Search\\Search.tsx","all":false,"statementMap":{"0":{"start":{"line":1,"column":0},"end":{"line":1,"column":51}},"2":{"start":{"line":3,"column":0},"end":{"line":3,"column":41}},"9":{"start":{"line":10,"column":0},"end":{"line":10,"column":66}},"10":{"start":{"line":11,"column":0},"end":{"line":11,"column":60}},"12":{"start":{"line":13,"column":0},"end":{"line":13,"column":64}},"13":{"start":{"line":14,"column":0},"end":{"line":14,"column":34}},"14":{"start":{"line":15,"column":0},"end":{"line":15,"column":3}},"16":{"start":{"line":17,"column":0},"end":{"line":17,"column":10}},"17":{"start":{"line":18,"column":0},"end":{"line":18,"column":35}},"18":{"start":{"line":19,"column":0},"end":{"line":19,"column":12}},"19":{"start":{"line":20,"column":0},"end":{"line":20,"column":32}},"20":{"start":{"line":21,"column":0},"end":{"line":21,"column":19}},"21":{"start":{"line":22,"column":0},"end":{"line":22,"column":39}},"22":{"start":{"line":23,"column":0},"end":{"line":23,"column":26}},"23":{"start":{"line":24,"column":0},"end":{"line":24,"column":36}},"24":{"start":{"line":25,"column":0},"end":{"line":25,"column":8}},"25":{"start":{"line":26,"column":0},"end":{"line":26,"column":74}},"27":{"start":{"line":28,"column":0},"end":{"line":28,"column":15}},"28":{"start":{"line":29,"column":0},"end":{"line":29,"column":10}},"30":{"start":{"line":31,"column":0},"end":{"line":31,"column":1}}},"s":{"0":1,"2":1,"9":38,"10":38,"12":38,"13":25,"14":25,"16":38,"17":38,"18":38,"19":38,"20":38,"21":38,"22":38,"23":38,"24":38,"25":38,"27":38,"28":38,"30":38},"branchMap":{"0":{"type":"branch","line":10,"loc":{"start":{"line":10,"column":0},"end":{"line":31,"column":1}},"locations":[{"start":{"line":10,"column":0},"end":{"line":31,"column":1}}]},"1":{"type":"branch","line":11,"loc":{"start":{"line":11,"column":47},"end":{"line":11,"column":58}},"locations":[{"start":{"line":11,"column":47},"end":{"line":11,"column":58}}]},"2":{"type":"branch","line":13,"loc":{"start":{"line":13,"column":2},"end":{"line":15,"column":3}},"locations":[{"start":{"line":13,"column":2},"end":{"line":15,"column":3}}]},"3":{"type":"branch","line":26,"loc":{"start":{"line":26,"column":46},"end":{"line":26,"column":74}},"locations":[{"start":{"line":26,"column":46},"end":{"line":26,"column":74}}]}},"b":{"0":[38],"1":[0],"2":[25],"3":[1]},"fnMap":{"0":{"name":"Search","decl":{"start":{"line":10,"column":0},"end":{"line":31,"column":1}},"loc":{"start":{"line":10,"column":0},"end":{"line":31,"column":1}},"line":10},"1":{"name":"handleInputChange","decl":{"start":{"line":13,"column":2},"end":{"line":15,"column":3}},"loc":{"start":{"line":13,"column":2},"end":{"line":15,"column":3}},"line":13},"2":{"name":"onClick","decl":{"start":{"line":26,"column":46},"end":{"line":26,"column":74}},"loc":{"start":{"line":26,"column":46},"end":{"line":26,"column":74}},"line":26}},"f":{"0":38,"1":25,"2":1}}
,"E:\\learning\\react\\rs_school\\React project setup\\src\\hooks\\useLocalStorage.ts": {"path":"E:\\learning\\react\\rs_school\\React project setup\\src\\hooks\\useLocalStorage.ts","all":false,"statementMap":{"0":{"start":{"line":1,"column":0},"end":{"line":1,"column":33}},"11":{"start":{"line":12,"column":0},"end":{"line":12,"column":50}},"12":{"start":{"line":13,"column":0},"end":{"line":13,"column":6}},"13":{"start":{"line":14,"column":0},"end":{"line":14,"column":15}},"14":{"start":{"line":15,"column":0},"end":{"line":15,"column":32}},"15":{"start":{"line":16,"column":0},"end":{"line":16,"column":47}},"16":{"start":{"line":17,"column":0},"end":{"line":17,"column":9}},"17":{"start":{"line":18,"column":0},"end":{"line":18,"column":45}},"18":{"start":{"line":19,"column":0},"end":{"line":19,"column":59}},"19":{"start":{"line":20,"column":0},"end":{"line":20,"column":13}},"20":{"start":{"line":21,"column":0},"end":{"line":21,"column":26}},"21":{"start":{"line":22,"column":0},"end":{"line":22,"column":5}},"22":{"start":{"line":23,"column":0},"end":{"line":23,"column":5}},"24":{"start":{"line":25,"column":0},"end":{"line":25,"column":41}},"25":{"start":{"line":26,"column":0},"end":{"line":26,"column":23}},"26":{"start":{"line":27,"column":0},"end":{"line":27,"column":56}},"27":{"start":{"line":28,"column":0},"end":{"line":28,"column":3}},"29":{"start":{"line":30,"column":0},"end":{"line":30,"column":43}},"30":{"start":{"line":31,"column":0},"end":{"line":31,"column":2}},"32":{"start":{"line":33,"column":0},"end":{"line":33,"column":31}}},"s":{"0":1,"11":1,"12":13,"13":13,"14":13,"15":13,"16":7,"17":7,"18":7,"19":7,"20":1,"21":1,"22":13,"24":13,"25":1,"26":1,"27":1,"29":13,"30":13,"32":1},"branchMap":{"0":{"type":"branch","line":12,"loc":{"start":{"line":12,"column":45},"end":{"line":31,"column":2}},"locations":[{"start":{"line":12,"column":45},"end":{"line":31,"column":2}}]},"1":{"type":"branch","line":16,"loc":{"start":{"line":16,"column":40},"end":{"line":23,"column":3}},"locations":[{"start":{"line":16,"column":40},"end":{"line":23,"column":3}}]},"2":{"type":"branch","line":19,"loc":{"start":{"line":19,"column":13},"end":{"line":19,"column":46}},"locations":[{"start":{"line":19,"column":13},"end":{"line":19,"column":46}}]},"3":{"type":"branch","line":19,"loc":{"start":{"line":19,"column":36},"end":{"line":19,"column":59}},"locations":[{"start":{"line":19,"column":36},"end":{"line":19,"column":59}}]},"4":{"type":"branch","line":20,"loc":{"start":{"line":20,"column":4},"end":{"line":22,"column":5}},"locations":[{"start":{"line":20,"column":4},"end":{"line":22,"column":5}}]},"5":{"type":"branch","line":25,"loc":{"start":{"line":25,"column":2},"end":{"line":28,"column":3}},"locations":[{"start":{"line":25,"column":2},"end":{"line":28,"column":3}}]}},"b":{"0":[13],"1":[7],"2":[2],"3":[5],"4":[1],"5":[1]},"fnMap":{"0":{"name":"useLocalStorage","decl":{"start":{"line":12,"column":45},"end":{"line":31,"column":2}},"loc":{"start":{"line":12,"column":45},"end":{"line":31,"column":2}},"line":12},"1":{"name":"setStorageValue","decl":{"start":{"line":25,"column":2},"end":{"line":28,"column":3}},"loc":{"start":{"line":25,"column":2},"end":{"line":28,"column":3}},"line":25}},"f":{"0":13,"1":1}}
,"E:\\learning\\react\\rs_school\\React project setup\\src\\pages\\AboutPage.tsx": {"path":"E:\\learning\\react\\rs_school\\React project setup\\src\\pages\\AboutPage.tsx","all":false,"statementMap":{"0":{"start":{"line":1,"column":0},"end":{"line":1,"column":36}},"1":{"start":{"line":2,"column":0},"end":{"line":2,"column":39}},"3":{"start":{"line":4,"column":0},"end":{"line":4,"column":37}},"4":{"start":{"line":5,"column":0},"end":{"line":5,"column":10}},"5":{"start":{"line":6,"column":0},"end":{"line":6,"column":38}},"6":{"start":{"line":7,"column":0},"end":{"line":7,"column":32}},"7":{"start":{"line":8,"column":0},"end":{"line":8,"column":50}},"8":{"start":{"line":9,"column":0},"end":{"line":9,"column":76}},"10":{"start":{"line":11,"column":0},"end":{"line":11,"column":37}},"11":{"start":{"line":12,"column":0},"end":{"line":12,"column":10}},"13":{"start":{"line":14,"column":0},"end":{"line":14,"column":1}}},"s":{"0":1,"1":1,"3":2,"4":2,"5":2,"6":2,"7":2,"8":2,"10":2,"11":2,"13":2},"branchMap":{"0":{"type":"branch","line":4,"loc":{"start":{"line":4,"column":0},"end":{"line":14,"column":1}},"locations":[{"start":{"line":4,"column":0},"end":{"line":14,"column":1}}]}},"b":{"0":[2]},"fnMap":{"0":{"name":"AboutPage","decl":{"start":{"line":4,"column":0},"end":{"line":14,"column":1}},"loc":{"start":{"line":4,"column":0},"end":{"line":14,"column":1}},"line":4}},"f":{"0":2}}
,"E:\\learning\\react\\rs_school\\React project setup\\src\\pages\\CharacterPage.tsx": {"path":"E:\\learning\\react\\rs_school\\React project setup\\src\\pages\\CharacterPage.tsx","all":false,"statementMap":{"0":{"start":{"line":1,"column":0},"end":{"line":1,"column":52}},"1":{"start":{"line":2,"column":0},"end":{"line":2,"column":60}},"2":{"start":{"line":3,"column":0},"end":{"line":3,"column":47}},"4":{"start":{"line":5,"column":0},"end":{"line":5,"column":39}},"6":{"start":{"line":7,"column":0},"end":{"line":7,"column":51}},"7":{"start":{"line":8,"column":0},"end":{"line":8,"column":64}},"9":{"start":{"line":10,"column":0},"end":{"line":10,"column":41}},"10":{"start":{"line":11,"column":0},"end":{"line":11,"column":55}},"11":{"start":{"line":12,"column":0},"end":{"line":12,"column":33}},"13":{"start":{"line":14,"column":0},"end":{"line":14,"column":29}},"14":{"start":{"line":15,"column":0},"end":{"line":15,"column":43}},"15":{"start":{"line":16,"column":0},"end":{"line":16,"column":57}},"17":{"start":{"line":18,"column":0},"end":{"line":18,"column":58}},"18":{"start":{"line":19,"column":0},"end":{"line":19,"column":51}},"19":{"start":{"line":20,"column":0},"end":{"line":20,"column":58}},"21":{"start":{"line":22,"column":0},"end":{"line":22,"column":19}},"22":{"start":{"line":23,"column":0},"end":{"line":23,"column":37}},"23":{"start":{"line":24,"column":0},"end":{"line":24,"column":25}},"24":{"start":{"line":25,"column":0},"end":{"line":25,"column":11}},"25":{"start":{"line":26,"column":0},"end":{"line":26,"column":17}},"26":{"start":{"line":27,"column":0},"end":{"line":27,"column":54}},"27":{"start":{"line":28,"column":0},"end":{"line":28,"column":43}},"28":{"start":{"line":29,"column":0},"end":{"line":29,"column":9}},"29":{"start":{"line":30,"column":0},"end":{"line":30,"column":32}},"30":{"start":{"line":31,"column":0},"end":{"line":31,"column":37}},"31":{"start":{"line":32,"column":0},"end":{"line":32,"column":34}},"32":{"start":{"line":33,"column":0},"end":{"line":33,"column":16}},"33":{"start":{"line":34,"column":0},"end":{"line":34,"column":48}},"34":{"start":{"line":35,"column":0},"end":{"line":35,"column":9}},"35":{"start":{"line":36,"column":0},"end":{"line":36,"column":7}},"36":{"start":{"line":37,"column":0},"end":{"line":37,"column":26}},"37":{"start":{"line":38,"column":0},"end":{"line":38,"column":5}},"39":{"start":{"line":40,"column":0},"end":{"line":40,"column":21}},"40":{"start":{"line":41,"column":0},"end":{"line":41,"column":11}},"43":{"start":{"line":44,"column":0},"end":{"line":44,"column":19}},"44":{"start":{"line":45,"column":0},"end":{"line":45,"column":55}},"45":{"start":{"line":46,"column":0},"end":{"line":46,"column":10}},"46":{"start":{"line":47,"column":0},"end":{"line":47,"column":27}},"47":{"start":{"line":48,"column":0},"end":{"line":48,"column":56}},"48":{"start":{"line":49,"column":0},"end":{"line":49,"column":9}},"49":{"start":{"line":50,"column":0},"end":{"line":50,"column":50}},"50":{"start":{"line":51,"column":0},"end":{"line":51,"column":7}},"51":{"start":{"line":52,"column":0},"end":{"line":52,"column":6}},"53":{"start":{"line":54,"column":0},"end":{"line":54,"column":59}},"54":{"start":{"line":55,"column":0},"end":{"line":55,"column":75}},"55":{"start":{"line":56,"column":0},"end":{"line":56,"column":23}},"57":{"start":{"line":58,"column":0},"end":{"line":58,"column":10}},"58":{"start":{"line":59,"column":0},"end":{"line":59,"column":60}},"59":{"start":{"line":60,"column":0},"end":{"line":60,"column":16}},"60":{"start":{"line":61,"column":0},"end":{"line":61,"column":37}},"61":{"start":{"line":62,"column":0},"end":{"line":62,"column":23}},"62":{"start":{"line":63,"column":0},"end":{"line":63,"column":29}},"64":{"start":{"line":65,"column":0},"end":{"line":65,"column":22}},"65":{"start":{"line":66,"column":0},"end":{"line":66,"column":12}},"66":{"start":{"line":67,"column":0},"end":{"line":67,"column":56}},"67":{"start":{"line":68,"column":0},"end":{"line":68,"column":52}},"68":{"start":{"line":69,"column":0},"end":{"line":69,"column":40}},"69":{"start":{"line":70,"column":0},"end":{"line":70,"column":24}},"70":{"start":{"line":71,"column":0},"end":{"line":71,"column":32}},"71":{"start":{"line":72,"column":0},"end":{"line":72,"column":37}},"72":{"start":{"line":73,"column":0},"end":{"line":73,"column":42}},"73":{"start":{"line":74,"column":0},"end":{"line":74,"column":41}},"74":{"start":{"line":75,"column":0},"end":{"line":75,"column":17}},"75":{"start":{"line":76,"column":0},"end":{"line":76,"column":66}},"76":{"start":{"line":77,"column":0},"end":{"line":77,"column":28}},"77":{"start":{"line":78,"column":0},"end":{"line":78,"column":18}},"78":{"start":{"line":79,"column":0},"end":{"line":79,"column":13}},"81":{"start":{"line":82,"column":0},"end":{"line":82,"column":62}},"83":{"start":{"line":84,"column":0},"end":{"line":84,"column":13}},"84":{"start":{"line":85,"column":0},"end":{"line":85,"column":10}},"86":{"start":{"line":87,"column":0},"end":{"line":87,"column":1}}},"s":{"0":1,"1":1,"2":1,"4":1,"6":1,"7":1,"9":6,"10":6,"11":6,"13":6,"14":6,"15":6,"17":6,"18":6,"19":6,"21":6,"22":3,"23":3,"24":3,"25":3,"26":3,"27":1,"28":1,"29":3,"30":2,"31":1,"32":1,"33":1,"34":1,"35":2,"36":3,"37":3,"39":3,"40":6,"43":6,"44":3,"45":0,"46":0,"47":0,"48":0,"49":0,"50":0,"51":0,"53":3,"54":3,"55":6,"57":6,"58":6,"59":6,"60":2,"61":4,"62":3,"64":1,"65":1,"66":1,"67":1,"68":1,"69":1,"70":1,"71":4,"72":4,"73":4,"74":1,"75":1,"76":1,"77":1,"78":1,"81":6,"83":6,"84":6,"86":6},"branchMap":{"0":{"type":"branch","line":10,"loc":{"start":{"line":10,"column":0},"end":{"line":87,"column":1}},"locations":[{"start":{"line":10,"column":0},"end":{"line":87,"column":1}}]},"1":{"type":"branch","line":16,"loc":{"start":{"line":16,"column":47},"end":{"line":16,"column":55}},"locations":[{"start":{"line":16,"column":47},"end":{"line":16,"column":55}}]},"2":{"type":"branch","line":60,"loc":{"start":{"line":60,"column":7},"end":{"line":61,"column":37}},"locations":[{"start":{"line":60,"column":7},"end":{"line":61,"column":37}}]},"3":{"type":"branch","line":61,"loc":{"start":{"line":61,"column":35},"end":{"line":79,"column":13}},"locations":[{"start":{"line":61,"column":35},"end":{"line":79,"column":13}}]},"4":{"type":"branch","line":62,"loc":{"start":{"line":62,"column":10},"end":{"line":63,"column":29}},"locations":[{"start":{"line":62,"column":10},"end":{"line":63,"column":29}}]},"5":{"type":"branch","line":63,"loc":{"start":{"line":63,"column":23},"end":{"line":79,"column":13}},"locations":[{"start":{"line":63,"column":23},"end":{"line":79,"column":13}}]},"6":{"type":"branch","line":22,"loc":{"start":{"line":22,"column":12},"end":{"line":41,"column":5}},"locations":[{"start":{"line":22,"column":12},"end":{"line":41,"column":5}}]},"7":{"type":"branch","line":23,"loc":{"start":{"line":23,"column":4},"end":{"line":38,"column":5}},"locations":[{"start":{"line":23,"column":4},"end":{"line":38,"column":5}}]},"8":{"type":"branch","line":27,"loc":{"start":{"line":27,"column":52},"end":{"line":29,"column":9}},"locations":[{"start":{"line":27,"column":52},"end":{"line":29,"column":9}}]},"9":{"type":"branch","line":30,"loc":{"start":{"line":30,"column":6},"end":{"line":36,"column":7}},"locations":[{"start":{"line":30,"column":6},"end":{"line":36,"column":7}}]},"10":{"type":"branch","line":31,"loc":{"start":{"line":31,"column":36},"end":{"line":35,"column":9}},"locations":[{"start":{"line":31,"column":36},"end":{"line":35,"column":9}}]},"11":{"type":"branch","line":44,"loc":{"start":{"line":44,"column":12},"end":{"line":56,"column":5}},"locations":[{"start":{"line":44,"column":12},"end":{"line":56,"column":5}}]},"12":{"type":"branch","line":55,"loc":{"start":{"line":55,"column":11},"end":{"line":55,"column":75}},"locations":[{"start":{"line":55,"column":11},"end":{"line":55,"column":75}}]},"13":{"type":"branch","line":71,"loc":{"start":{"line":71,"column":18},"end":{"line":74,"column":41}},"locations":[{"start":{"line":71,"column":18},"end":{"line":74,"column":41}}]},"14":{"type":"branch","line":76,"loc":{"start":{"line":76,"column":21},"end":{"line":76,"column":65}},"locations":[{"start":{"line":76,"column":21},"end":{"line":76,"column":65}}]},"15":{"type":"branch","line":76,"loc":{"start":{"line":76,"column":52},"end":{"line":76,"column":63}},"locations":[{"start":{"line":76,"column":52},"end":{"line":76,"column":63}}]}},"b":{"0":[6],"1":[0],"2":[2],"3":[4],"4":[3],"5":[1],"6":[3],"7":[3],"8":[1],"9":[2],"10":[1],"11":[3],"12":[3],"13":[4],"14":[4],"15":[0]},"fnMap":{"0":{"name":"CharacterPage","decl":{"start":{"line":10,"column":0},"end":{"line":87,"column":1}},"loc":{"start":{"line":10,"column":0},"end":{"line":87,"column":1}},"line":10},"1":{"name":"fetchCharacter","decl":{"start":{"line":23,"column":4},"end":{"line":38,"column":5}},"loc":{"start":{"line":23,"column":4},"end":{"line":38,"column":5}},"line":23},"2":{"name":"handleClickOutside","decl":{"start":{"line":45,"column":31},"end":{"line":52,"column":6}},"loc":{"start":{"line":45,"column":31},"end":{"line":52,"column":6}},"line":45}},"f":{"0":6,"1":3,"2":0}}
,"E:\\learning\\react\\rs_school\\React project setup\\src\\pages\\ErrorPage.tsx": {"path":"E:\\learning\\react\\rs_school\\React project setup\\src\\pages\\ErrorPage.tsx","all":false,"statementMap":{"0":{"start":{"line":1,"column":0},"end":{"line":1,"column":67}},"2":{"start":{"line":3,"column":0},"end":{"line":3,"column":39}},"4":{"start":{"line":5,"column":0},"end":{"line":5,"column":37}},"5":{"start":{"line":6,"column":0},"end":{"line":6,"column":32}},"7":{"start":{"line":8,"column":0},"end":{"line":8,"column":30}},"8":{"start":{"line":9,"column":0},"end":{"line":9,"column":39}},"10":{"start":{"line":11,"column":0},"end":{"line":11,"column":36}},"11":{"start":{"line":12,"column":0},"end":{"line":12,"column":31}},"12":{"start":{"line":13,"column":0},"end":{"line":13,"column":63}},"13":{"start":{"line":14,"column":0},"end":{"line":14,"column":38}},"14":{"start":{"line":15,"column":0},"end":{"line":15,"column":27}},"15":{"start":{"line":16,"column":0},"end":{"line":16,"column":42}},"16":{"start":{"line":17,"column":0},"end":{"line":17,"column":5}},"17":{"start":{"line":18,"column":0},"end":{"line":18,"column":38}},"18":{"start":{"line":19,"column":0},"end":{"line":19,"column":28}},"19":{"start":{"line":20,"column":0},"end":{"line":20,"column":3}},"21":{"start":{"line":22,"column":0},"end":{"line":22,"column":23}},"23":{"start":{"line":24,"column":0},"end":{"line":24,"column":10}},"24":{"start":{"line":25,"column":0},"end":{"line":25,"column":38}},"25":{"start":{"line":26,"column":0},"end":{"line":26,"column":22}},"26":{"start":{"line":27,"column":0},"end":{"line":27,"column":22}},"27":{"start":{"line":28,"column":0},"end":{"line":28,"column":10}},"29":{"start":{"line":30,"column":0},"end":{"line":30,"column":1}}},"s":{"0":1,"2":1,"4":3,"5":3,"7":3,"8":3,"10":3,"11":2,"12":1,"13":1,"14":1,"15":1,"16":1,"17":3,"18":1,"19":1,"21":3,"23":3,"24":3,"25":3,"26":3,"27":3,"29":3},"branchMap":{"0":{"type":"branch","line":5,"loc":{"start":{"line":5,"column":0},"end":{"line":30,"column":1}},"locations":[{"start":{"line":5,"column":0},"end":{"line":30,"column":1}}]},"1":{"type":"branch","line":11,"loc":{"start":{"line":11,"column":35},"end":{"line":18,"column":13}},"locations":[{"start":{"line":11,"column":35},"end":{"line":18,"column":13}}]},"2":{"type":"branch","line":12,"loc":{"start":{"line":12,"column":30},"end":{"line":17,"column":5}},"locations":[{"start":{"line":12,"column":30},"end":{"line":17,"column":5}}]},"3":{"type":"branch","line":18,"loc":{"start":{"line":18,"column":2},"end":{"line":20,"column":3}},"locations":[{"start":{"line":18,"column":2},"end":{"line":20,"column":3}}]}},"b":{"0":[3],"1":[2],"2":[1],"3":[1]},"fnMap":{"0":{"name":"ErrorPage","decl":{"start":{"line":5,"column":0},"end":{"line":30,"column":1}},"loc":{"start":{"line":5,"column":0},"end":{"line":30,"column":1}},"line":5}},"f":{"0":3}}
,"E:\\learning\\react\\rs_school\\React project setup\\src\\pages\\MainPage.tsx": {"path":"E:\\learning\\react\\rs_school\\React project setup\\src\\pages\\MainPage.tsx","all":false,"statementMap":{"0":{"start":{"line":1,"column":0},"end":{"line":1,"column":57}},"1":{"start":{"line":2,"column":0},"end":{"line":2,"column":49}},"2":{"start":{"line":3,"column":0},"end":{"line":3,"column":64}},"3":{"start":{"line":4,"column":0},"end":{"line":4,"column":52}},"4":{"start":{"line":5,"column":0},"end":{"line":5,"column":49}},"5":{"start":{"line":6,"column":0},"end":{"line":6,"column":48}},"6":{"start":{"line":7,"column":0},"end":{"line":7,"column":61}},"7":{"start":{"line":8,"column":0},"end":{"line":8,"column":61}},"8":{"start":{"line":9,"column":0},"end":{"line":9,"column":55}},"10":{"start":{"line":11,"column":0},"end":{"line":11,"column":39}},"12":{"start":{"line":13,"column":0},"end":{"line":13,"column":36}},"13":{"start":{"line":14,"column":0},"end":{"line":14,"column":60}},"14":{"start":{"line":15,"column":0},"end":{"line":15,"column":57}},"16":{"start":{"line":17,"column":0},"end":{"line":17,"column":55}},"17":{"start":{"line":18,"column":0},"end":{"line":18,"column":18}},"18":{"start":{"line":19,"column":0},"end":{"line":19,"column":21}},"19":{"start":{"line":20,"column":0},"end":{"line":20,"column":5}},"21":{"start":{"line":22,"column":0},"end":{"line":22,"column":49}},"22":{"start":{"line":23,"column":0},"end":{"line":23,"column":51}},"23":{"start":{"line":24,"column":0},"end":{"line":24,"column":52}},"24":{"start":{"line":25,"column":0},"end":{"line":25,"column":58}},"26":{"start":{"line":27,"column":0},"end":{"line":27,"column":39}},"27":{"start":{"line":28,"column":0},"end":{"line":28,"column":26}},"28":{"start":{"line":29,"column":0},"end":{"line":29,"column":55}},"29":{"start":{"line":30,"column":0},"end":{"line":30,"column":45}},"30":{"start":{"line":31,"column":0},"end":{"line":31,"column":30}},"31":{"start":{"line":32,"column":0},"end":{"line":32,"column":6}},"32":{"start":{"line":33,"column":0},"end":{"line":33,"column":35}},"33":{"start":{"line":34,"column":0},"end":{"line":34,"column":4}},"35":{"start":{"line":36,"column":0},"end":{"line":36,"column":19}},"36":{"start":{"line":37,"column":0},"end":{"line":37,"column":56}},"37":{"start":{"line":38,"column":0},"end":{"line":38,"column":25}},"39":{"start":{"line":40,"column":0},"end":{"line":40,"column":11}},"40":{"start":{"line":41,"column":0},"end":{"line":41,"column":55}},"41":{"start":{"line":42,"column":0},"end":{"line":42,"column":21}},"42":{"start":{"line":43,"column":0},"end":{"line":43,"column":25}},"43":{"start":{"line":44,"column":0},"end":{"line":44,"column":11}},"46":{"start":{"line":47,"column":0},"end":{"line":47,"column":55}},"47":{"start":{"line":48,"column":0},"end":{"line":48,"column":30}},"48":{"start":{"line":49,"column":0},"end":{"line":49,"column":9}},"50":{"start":{"line":51,"column":0},"end":{"line":51,"column":57}},"51":{"start":{"line":52,"column":0},"end":{"line":52,"column":52}},"52":{"start":{"line":53,"column":0},"end":{"line":53,"column":32}},"53":{"start":{"line":54,"column":0},"end":{"line":54,"column":37}},"54":{"start":{"line":55,"column":0},"end":{"line":55,"column":34}},"55":{"start":{"line":56,"column":0},"end":{"line":56,"column":16}},"56":{"start":{"line":57,"column":0},"end":{"line":57,"column":48}},"57":{"start":{"line":58,"column":0},"end":{"line":58,"column":9}},"58":{"start":{"line":59,"column":0},"end":{"line":59,"column":7}},"59":{"start":{"line":60,"column":0},"end":{"line":60,"column":26}},"60":{"start":{"line":61,"column":0},"end":{"line":61,"column":5}},"61":{"start":{"line":62,"column":0},"end":{"line":62,"column":32}},"62":{"start":{"line":63,"column":0},"end":{"line":63,"column":43}},"64":{"start":{"line":65,"column":0},"end":{"line":65,"column":48}},"65":{"start":{"line":66,"column":0},"end":{"line":66,"column":24}},"66":{"start":{"line":67,"column":0},"end":{"line":67,"column":34}},"67":{"start":{"line":68,"column":0},"end":{"line":68,"column":3}},"69":{"start":{"line":70,"column":0},"end":{"line":70,"column":10}},"70":{"start":{"line":71,"column":0},"end":{"line":71,"column":40}},"71":{"start":{"line":72,"column":0},"end":{"line":72,"column":39}},"72":{"start":{"line":73,"column":0},"end":{"line":73,"column":67}},"73":{"start":{"line":74,"column":0},"end":{"line":74,"column":45}},"74":{"start":{"line":75,"column":0},"end":{"line":75,"column":18}},"75":{"start":{"line":76,"column":0},"end":{"line":76,"column":39}},"76":{"start":{"line":77,"column":0},"end":{"line":77,"column":25}},"77":{"start":{"line":78,"column":0},"end":{"line":78,"column":21}},"79":{"start":{"line":80,"column":0},"end":{"line":80,"column":56}},"81":{"start":{"line":82,"column":0},"end":{"line":82,"column":42}},"82":{"start":{"line":83,"column":0},"end":{"line":83,"column":21}},"83":{"start":{"line":84,"column":0},"end":{"line":84,"column":23}},"84":{"start":{"line":85,"column":0},"end":{"line":85,"column":35}},"85":{"start":{"line":86,"column":0},"end":{"line":86,"column":39}},"86":{"start":{"line":87,"column":0},"end":{"line":87,"column":12}},"88":{"start":{"line":89,"column":0},"end":{"line":89,"column":12}},"89":{"start":{"line":90,"column":0},"end":{"line":90,"column":16}},"90":{"start":{"line":91,"column":0},"end":{"line":91,"column":10}},"92":{"start":{"line":93,"column":0},"end":{"line":93,"column":1}}},"s":{"0":1,"1":1,"2":1,"3":1,"4":1,"5":1,"6":1,"7":1,"8":1,"10":1,"12":8,"13":8,"14":8,"16":8,"17":8,"18":8,"19":8,"21":8,"22":8,"23":8,"24":8,"26":8,"27":8,"28":0,"29":0,"30":0,"31":0,"32":8,"33":8,"35":8,"36":3,"37":3,"39":3,"40":3,"41":3,"42":3,"43":3,"46":3,"47":0,"48":0,"50":1,"51":1,"52":1,"53":1,"54":1,"55":1,"56":0,"57":0,"58":1,"59":2,"60":3,"61":3,"62":8,"64":8,"65":0,"66":0,"67":0,"69":8,"70":8,"71":8,"72":8,"73":8,"74":8,"75":1,"76":7,"77":3,"79":4,"81":8,"82":1,"83":1,"84":1,"85":1,"86":1,"88":8,"89":8,"90":8,"92":8},"branchMap":{"0":{"type":"branch","line":13,"loc":{"start":{"line":13,"column":0},"end":{"line":93,"column":1}},"locations":[{"start":{"line":13,"column":0},"end":{"line":93,"column":1}}]},"1":{"type":"branch","line":15,"loc":{"start":{"line":15,"column":47},"end":{"line":15,"column":55}},"locations":[{"start":{"line":15,"column":47},"end":{"line":15,"column":55}}]},"2":{"type":"branch","line":75,"loc":{"start":{"line":75,"column":9},"end":{"line":76,"column":39}},"locations":[{"start":{"line":75,"column":9},"end":{"line":76,"column":39}}]},"3":{"type":"branch","line":76,"loc":{"start":{"line":76,"column":37},"end":{"line":80,"column":56}},"locations":[{"start":{"line":76,"column":37},"end":{"line":80,"column":56}}]},"4":{"type":"branch","line":77,"loc":{"start":{"line":77,"column":12},"end":{"line":78,"column":21}},"locations":[{"start":{"line":77,"column":12},"end":{"line":78,"column":21}}]},"5":{"type":"branch","line":78,"loc":{"start":{"line":78,"column":19},"end":{"line":80,"column":56}},"locations":[{"start":{"line":78,"column":19},"end":{"line":80,"column":56}}]},"6":{"type":"branch","line":82,"loc":{"start":{"line":82,"column":9},"end":{"line":82,"column":42}},"locations":[{"start":{"line":82,"column":9},"end":{"line":82,"column":42}}]},"7":{"type":"branch","line":82,"loc":{"start":{"line":82,"column":36},"end":{"line":87,"column":12}},"locations":[{"start":{"line":82,"column":36},"end":{"line":87,"column":12}}]},"8":{"type":"branch","line":36,"loc":{"start":{"line":36,"column":12},"end":{"line":63,"column":5}},"locations":[{"start":{"line":36,"column":12},"end":{"line":63,"column":5}}]},"9":{"type":"branch","line":37,"loc":{"start":{"line":37,"column":4},"end":{"line":61,"column":5}},"locations":[{"start":{"line":37,"column":4},"end":{"line":61,"column":5}}]},"10":{"type":"branch","line":44,"loc":{"start":{"line":44,"column":9},"end":{"line":47,"column":54}},"locations":[{"start":{"line":44,"column":9},"end":{"line":47,"column":54}}]},"11":{"type":"branch","line":47,"loc":{"start":{"line":47,"column":54},"end":{"line":49,"column":9}},"locations":[{"start":{"line":47,"column":54},"end":{"line":49,"column":9}}]},"12":{"type":"branch","line":49,"loc":{"start":{"line":49,"column":8},"end":{"line":59,"column":7}},"locations":[{"start":{"line":49,"column":8},"end":{"line":59,"column":7}}]},"13":{"type":"branch","line":56,"loc":{"start":{"line":56,"column":8},"end":{"line":58,"column":9}},"locations":[{"start":{"line":56,"column":8},"end":{"line":58,"column":9}}]},"14":{"type":"branch","line":59,"loc":{"start":{"line":59,"column":6},"end":{"line":60,"column":26}},"locations":[{"start":{"line":59,"column":6},"end":{"line":60,"column":26}}]}},"b":{"0":[8],"1":[0],"2":[1],"3":[7],"4":[3],"5":[4],"6":[1],"7":[1],"8":[3],"9":[3],"10":[1],"11":[0],"12":[1],"13":[0],"14":[2]},"fnMap":{"0":{"name":"MainPage","decl":{"start":{"line":13,"column":0},"end":{"line":93,"column":1}},"loc":{"start":{"line":13,"column":0},"end":{"line":93,"column":1}},"line":13},"1":{"name":"fetchCharacters","decl":{"start":{"line":37,"column":4},"end":{"line":61,"column":5}},"loc":{"start":{"line":37,"column":4},"end":{"line":61,"column":5}},"line":37},"2":{"name":"handleSearchChange","decl":{"start":{"line":65,"column":2},"end":{"line":68,"column":3}},"loc":{"start":{"line":65,"column":2},"end":{"line":68,"column":3}},"line":65}},"f":{"0":8,"1":3,"2":0}}
,"E:\\learning\\react\\rs_school\\React project setup\\src\\routes\\index.tsx": {"path":"E:\\learning\\react\\rs_school\\React project setup\\src\\routes\\index.tsx","all":true,"statementMap":{"0":{"start":{"line":1,"column":0},"end":{"line":1,"column":51}},"1":{"start":{"line":2,"column":0},"end":{"line":2,"column":41}},"2":{"start":{"line":3,"column":0},"end":{"line":3,"column":43}},"3":{"start":{"line":4,"column":0},"end":{"line":4,"column":51}},"4":{"start":{"line":5,"column":0},"end":{"line":5,"column":43}},"5":{"start":{"line":6,"column":0},"end":{"line":6,"column":0}},"6":{"start":{"line":7,"column":0},"end":{"line":7,"column":36}},"7":{"start":{"line":8,"column":0},"end":{"line":8,"column":3}},"8":{"start":{"line":9,"column":0},"end":{"line":9,"column":14}},"9":{"start":{"line":10,"column":0},"end":{"line":10,"column":32}},"10":{"start":{"line":11,"column":0},"end":{"line":11,"column":15}},"11":{"start":{"line":12,"column":0},"end":{"line":12,"column":7}},"12":{"start":{"line":13,"column":0},"end":{"line":13,"column":17}},"13":{"start":{"line":14,"column":0},"end":{"line":14,"column":30}},"14":{"start":{"line":15,"column":0},"end":{"line":15,"column":19}},"15":{"start":{"line":16,"column":0},"end":{"line":16,"column":11}},"16":{"start":{"line":17,"column":0},"end":{"line":17,"column":34}},"17":{"start":{"line":18,"column":0},"end":{"line":18,"column":39}},"18":{"start":{"line":19,"column":0},"end":{"line":19,"column":12}},"19":{"start":{"line":20,"column":0},"end":{"line":20,"column":10}},"20":{"start":{"line":21,"column":0},"end":{"line":21,"column":8}},"21":{"start":{"line":22,"column":0},"end":{"line":22,"column":6}},"22":{"start":{"line":23,"column":0},"end":{"line":23,"column":4}},"23":{"start":{"line":24,"column":0},"end":{"line":24,"column":45}},"24":{"start":{"line":25,"column":0},"end":{"line":25,"column":3}},"25":{"start":{"line":26,"column":0},"end":{"line":26,"column":0}},"26":{"start":{"line":27,"column":0},"end":{"line":27,"column":22}}},"s":{"0":0,"1":0,"2":0,"3":0,"4":0,"5":0,"6":0,"7":0,"8":0,"9":0,"10":0,"11":0,"12":0,"13":0,"14":0,"15":0,"16":0,"17":0,"18":0,"19":0,"20":0,"21":0,"22":0,"23":0,"24":0,"25":0,"26":0},"branchMap":{"0":{"type":"branch","line":1,"loc":{"start":{"line":1,"column":0},"end":{"line":27,"column":22}},"locations":[{"start":{"line":1,"column":0},"end":{"line":27,"column":22}}]}},"b":{"0":[0]},"fnMap":{"0":{"name":"(empty-report)","decl":{"start":{"line":1,"column":0},"end":{"line":27,"column":22}},"loc":{"start":{"line":1,"column":0},"end":{"line":27,"column":22}},"line":1}},"f":{"0":0}}
,"E:\\learning\\react\\rs_school\\React project setup\\src\\types\\character.type.ts": {"path":"E:\\learning\\react\\rs_school\\React project setup\\src\\types\\character.type.ts","all":true,"statementMap":{"0":{"start":{"line":1,"column":0},"end":{"line":1,"column":28}},"1":{"start":{"line":2,"column":0},"end":{"line":2,"column":15}},"2":{"start":{"line":3,"column":0},"end":{"line":3,"column":14}},"3":{"start":{"line":4,"column":0},"end":{"line":4,"column":17}},"4":{"start":{"line":5,"column":0},"end":{"line":5,"column":22}},"5":{"start":{"line":6,"column":0},"end":{"line":6,"column":23}},"6":{"start":{"line":7,"column":0},"end":{"line":7,"column":17}},"7":{"start":{"line":8,"column":0},"end":{"line":8,"column":17}},"8":{"start":{"line":9,"column":0},"end":{"line":9,"column":20}},"9":{"start":{"line":10,"column":0},"end":{"line":10,"column":24}},"10":{"start":{"line":11,"column":0},"end":{"line":11,"column":23}},"11":{"start":{"line":12,"column":0},"end":{"line":12,"column":28}},"12":{"start":{"line":13,"column":0},"end":{"line":13,"column":1}}},"s":{"0":0,"1":0,"2":0,"3":0,"4":0,"5":0,"6":0,"7":0,"8":0,"9":0,"10":0,"11":0,"12":0},"branchMap":{"0":{"type":"branch","line":1,"loc":{"start":{"line":1,"column":0},"end":{"line":13,"column":1}},"locations":[{"start":{"line":1,"column":0},"end":{"line":13,"column":1}}]}},"b":{"0":[0]},"fnMap":{"0":{"name":"(empty-report)","decl":{"start":{"line":1,"column":0},"end":{"line":13,"column":1}},"loc":{"start":{"line":1,"column":0},"end":{"line":13,"column":1}},"line":1}},"f":{"0":0}}
,"E:\\learning\\react\\rs_school\\React project setup\\src\\utils\\const.ts": {"path":"E:\\learning\\react\\rs_school\\React project setup\\src\\utils\\const.ts","all":false,"statementMap":{"0":{"start":{"line":1,"column":0},"end":{"line":1,"column":29}}},"s":{"0":1},"branchMap":{},"b":{},"fnMap":{},"f":{}}
}
